<?xml version="1.0" encoding="UTF-8"?>
<testsuite xmlns:xsi="http://www.w3.org/2001/XMLSchema-instance" xsi:noNamespaceSchemaLocation="https://maven.apache.org/surefire/maven-surefire-plugin/xsd/surefire-test-report.xsd" name="io.pandp.service.ServiceApplicationTests" time="4.587" tests="1" errors="1" skipped="0" failures="0">
  <properties>
    <property name="gopherProxySet" value="false"/>
    <property name="awt.toolkit" value="sun.lwawt.macosx.LWCToolkit"/>
    <property name="file.encoding.pkg" value="sun.io"/>
    <property name="java.specification.version" value="1.8"/>
    <property name="sun.cpu.isalist" value=""/>
    <property name="sun.jnu.encoding" value="UTF-8"/>
    <property name="java.class.path" value="/Users/dannielsrolfe/repos/parkingAndPrivacy/pandp-backend/target/test-classes:/Users/dannielsrolfe/repos/parkingAndPrivacy/pandp-backend/target/classes:/Users/dannielsrolfe/.m2/repository/org/springframework/boot/spring-boot-starter-web/2.1.5.RELEASE/spring-boot-starter-web-2.1.5.RELEASE.jar:/Users/dannielsrolfe/.m2/repository/org/springframework/boot/spring-boot-starter/2.1.5.RELEASE/spring-boot-starter-2.1.5.RELEASE.jar:/Users/dannielsrolfe/.m2/repository/org/springframework/boot/spring-boot-starter-logging/2.1.5.RELEASE/spring-boot-starter-logging-2.1.5.RELEASE.jar:/Users/dannielsrolfe/.m2/repository/ch/qos/logback/logback-classic/1.2.3/logback-classic-1.2.3.jar:/Users/dannielsrolfe/.m2/repository/ch/qos/logback/logback-core/1.2.3/logback-core-1.2.3.jar:/Users/dannielsrolfe/.m2/repository/org/apache/logging/log4j/log4j-to-slf4j/2.11.2/log4j-to-slf4j-2.11.2.jar:/Users/dannielsrolfe/.m2/repository/org/apache/logging/log4j/log4j-api/2.11.2/log4j-api-2.11.2.jar:/Users/dannielsrolfe/.m2/repository/org/slf4j/jul-to-slf4j/1.7.26/jul-to-slf4j-1.7.26.jar:/Users/dannielsrolfe/.m2/repository/javax/annotation/javax.annotation-api/1.3.2/javax.annotation-api-1.3.2.jar:/Users/dannielsrolfe/.m2/repository/org/yaml/snakeyaml/1.23/snakeyaml-1.23.jar:/Users/dannielsrolfe/.m2/repository/org/springframework/boot/spring-boot-starter-json/2.1.5.RELEASE/spring-boot-starter-json-2.1.5.RELEASE.jar:/Users/dannielsrolfe/.m2/repository/com/fasterxml/jackson/core/jackson-databind/2.9.8/jackson-databind-2.9.8.jar:/Users/dannielsrolfe/.m2/repository/com/fasterxml/jackson/datatype/jackson-datatype-jsr310/2.9.8/jackson-datatype-jsr310-2.9.8.jar:/Users/dannielsrolfe/.m2/repository/com/fasterxml/jackson/module/jackson-module-parameter-names/2.9.8/jackson-module-parameter-names-2.9.8.jar:/Users/dannielsrolfe/.m2/repository/org/springframework/boot/spring-boot-starter-tomcat/2.1.5.RELEASE/spring-boot-starter-tomcat-2.1.5.RELEASE.jar:/Users/dannielsrolfe/.m2/repository/org/apache/tomcat/embed/tomcat-embed-core/9.0.19/tomcat-embed-core-9.0.19.jar:/Users/dannielsrolfe/.m2/repository/org/apache/tomcat/embed/tomcat-embed-el/9.0.19/tomcat-embed-el-9.0.19.jar:/Users/dannielsrolfe/.m2/repository/org/apache/tomcat/embed/tomcat-embed-websocket/9.0.19/tomcat-embed-websocket-9.0.19.jar:/Users/dannielsrolfe/.m2/repository/org/hibernate/validator/hibernate-validator/6.0.16.Final/hibernate-validator-6.0.16.Final.jar:/Users/dannielsrolfe/.m2/repository/javax/validation/validation-api/2.0.1.Final/validation-api-2.0.1.Final.jar:/Users/dannielsrolfe/.m2/repository/org/jboss/logging/jboss-logging/3.3.2.Final/jboss-logging-3.3.2.Final.jar:/Users/dannielsrolfe/.m2/repository/com/fasterxml/classmate/1.4.0/classmate-1.4.0.jar:/Users/dannielsrolfe/.m2/repository/org/springframework/spring-web/5.1.7.RELEASE/spring-web-5.1.7.RELEASE.jar:/Users/dannielsrolfe/.m2/repository/org/springframework/spring-beans/5.1.7.RELEASE/spring-beans-5.1.7.RELEASE.jar:/Users/dannielsrolfe/.m2/repository/org/springframework/spring-webmvc/5.1.7.RELEASE/spring-webmvc-5.1.7.RELEASE.jar:/Users/dannielsrolfe/.m2/repository/org/springframework/spring-aop/5.1.7.RELEASE/spring-aop-5.1.7.RELEASE.jar:/Users/dannielsrolfe/.m2/repository/org/springframework/spring-context/5.1.7.RELEASE/spring-context-5.1.7.RELEASE.jar:/Users/dannielsrolfe/.m2/repository/org/springframework/spring-expression/5.1.7.RELEASE/spring-expression-5.1.7.RELEASE.jar:/Users/dannielsrolfe/.m2/repository/org/springframework/boot/spring-boot-devtools/2.1.5.RELEASE/spring-boot-devtools-2.1.5.RELEASE.jar:/Users/dannielsrolfe/.m2/repository/org/springframework/boot/spring-boot/2.1.5.RELEASE/spring-boot-2.1.5.RELEASE.jar:/Users/dannielsrolfe/.m2/repository/org/springframework/boot/spring-boot-autoconfigure/2.1.5.RELEASE/spring-boot-autoconfigure-2.1.5.RELEASE.jar:/Users/dannielsrolfe/.m2/repository/org/postgresql/postgresql/42.2.5/postgresql-42.2.5.jar:/Users/dannielsrolfe/.m2/repository/org/springframework/boot/spring-boot-starter-data-jpa/2.1.5.RELEASE/spring-boot-starter-data-jpa-2.1.5.RELEASE.jar:/Users/dannielsrolfe/.m2/repository/org/springframework/boot/spring-boot-starter-aop/2.1.5.RELEASE/spring-boot-starter-aop-2.1.5.RELEASE.jar:/Users/dannielsrolfe/.m2/repository/org/aspectj/aspectjweaver/1.9.4/aspectjweaver-1.9.4.jar:/Users/dannielsrolfe/.m2/repository/org/springframework/boot/spring-boot-starter-jdbc/2.1.5.RELEASE/spring-boot-starter-jdbc-2.1.5.RELEASE.jar:/Users/dannielsrolfe/.m2/repository/com/zaxxer/HikariCP/3.2.0/HikariCP-3.2.0.jar:/Users/dannielsrolfe/.m2/repository/org/springframework/spring-jdbc/5.1.7.RELEASE/spring-jdbc-5.1.7.RELEASE.jar:/Users/dannielsrolfe/.m2/repository/javax/transaction/javax.transaction-api/1.3/javax.transaction-api-1.3.jar:/Users/dannielsrolfe/.m2/repository/javax/xml/bind/jaxb-api/2.3.1/jaxb-api-2.3.1.jar:/Users/dannielsrolfe/.m2/repository/javax/activation/javax.activation-api/1.2.0/javax.activation-api-1.2.0.jar:/Users/dannielsrolfe/.m2/repository/org/hibernate/hibernate-core/5.3.10.Final/hibernate-core-5.3.10.Final.jar:/Users/dannielsrolfe/.m2/repository/javax/persistence/javax.persistence-api/2.2/javax.persistence-api-2.2.jar:/Users/dannielsrolfe/.m2/repository/org/javassist/javassist/3.23.2-GA/javassist-3.23.2-GA.jar:/Users/dannielsrolfe/.m2/repository/net/bytebuddy/byte-buddy/1.9.12/byte-buddy-1.9.12.jar:/Users/dannielsrolfe/.m2/repository/antlr/antlr/2.7.7/antlr-2.7.7.jar:/Users/dannielsrolfe/.m2/repository/org/jboss/jandex/2.0.5.Final/jandex-2.0.5.Final.jar:/Users/dannielsrolfe/.m2/repository/org/dom4j/dom4j/2.1.1/dom4j-2.1.1.jar:/Users/dannielsrolfe/.m2/repository/org/hibernate/common/hibernate-commons-annotations/5.0.4.Final/hibernate-commons-annotations-5.0.4.Final.jar:/Users/dannielsrolfe/.m2/repository/org/springframework/data/spring-data-jpa/2.1.8.RELEASE/spring-data-jpa-2.1.8.RELEASE.jar:/Users/dannielsrolfe/.m2/repository/org/springframework/data/spring-data-commons/2.1.8.RELEASE/spring-data-commons-2.1.8.RELEASE.jar:/Users/dannielsrolfe/.m2/repository/org/springframework/spring-orm/5.1.7.RELEASE/spring-orm-5.1.7.RELEASE.jar:/Users/dannielsrolfe/.m2/repository/org/springframework/spring-tx/5.1.7.RELEASE/spring-tx-5.1.7.RELEASE.jar:/Users/dannielsrolfe/.m2/repository/org/springframework/spring-aspects/5.1.7.RELEASE/spring-aspects-5.1.7.RELEASE.jar:/Users/dannielsrolfe/.m2/repository/org/springframework/boot/spring-boot-starter-test/2.1.5.RELEASE/spring-boot-starter-test-2.1.5.RELEASE.jar:/Users/dannielsrolfe/.m2/repository/org/springframework/boot/spring-boot-test/2.1.5.RELEASE/spring-boot-test-2.1.5.RELEASE.jar:/Users/dannielsrolfe/.m2/repository/org/springframework/boot/spring-boot-test-autoconfigure/2.1.5.RELEASE/spring-boot-test-autoconfigure-2.1.5.RELEASE.jar:/Users/dannielsrolfe/.m2/repository/com/jayway/jsonpath/json-path/2.4.0/json-path-2.4.0.jar:/Users/dannielsrolfe/.m2/repository/net/minidev/json-smart/2.3/json-smart-2.3.jar:/Users/dannielsrolfe/.m2/repository/net/minidev/accessors-smart/1.2/accessors-smart-1.2.jar:/Users/dannielsrolfe/.m2/repository/junit/junit/4.12/junit-4.12.jar:/Users/dannielsrolfe/.m2/repository/org/assertj/assertj-core/3.11.1/assertj-core-3.11.1.jar:/Users/dannielsrolfe/.m2/repository/org/mockito/mockito-core/2.23.4/mockito-core-2.23.4.jar:/Users/dannielsrolfe/.m2/repository/net/bytebuddy/byte-buddy-agent/1.9.12/byte-buddy-agent-1.9.12.jar:/Users/dannielsrolfe/.m2/repository/org/objenesis/objenesis/2.6/objenesis-2.6.jar:/Users/dannielsrolfe/.m2/repository/org/hamcrest/hamcrest-core/1.3/hamcrest-core-1.3.jar:/Users/dannielsrolfe/.m2/repository/org/hamcrest/hamcrest-library/1.3/hamcrest-library-1.3.jar:/Users/dannielsrolfe/.m2/repository/org/skyscreamer/jsonassert/1.5.0/jsonassert-1.5.0.jar:/Users/dannielsrolfe/.m2/repository/com/vaadin/external/google/android-json/0.0.20131108.vaadin1/android-json-0.0.20131108.vaadin1.jar:/Users/dannielsrolfe/.m2/repository/org/springframework/spring-core/5.1.7.RELEASE/spring-core-5.1.7.RELEASE.jar:/Users/dannielsrolfe/.m2/repository/org/springframework/spring-jcl/5.1.7.RELEASE/spring-jcl-5.1.7.RELEASE.jar:/Users/dannielsrolfe/.m2/repository/org/springframework/spring-test/5.1.7.RELEASE/spring-test-5.1.7.RELEASE.jar:/Users/dannielsrolfe/.m2/repository/org/xmlunit/xmlunit-core/2.6.2/xmlunit-core-2.6.2.jar:/Users/dannielsrolfe/.m2/repository/com/graphql-java/graphql-spring-boot-starter/4.0.0/graphql-spring-boot-starter-4.0.0.jar:/Users/dannielsrolfe/.m2/repository/com/graphql-java/graphql-spring-boot-autoconfigure/4.0.0/graphql-spring-boot-autoconfigure-4.0.0.jar:/Users/dannielsrolfe/.m2/repository/org/springframework/boot/spring-boot-configuration-processor/2.1.5.RELEASE/spring-boot-configuration-processor-2.1.5.RELEASE.jar:/Users/dannielsrolfe/.m2/repository/com/graphql-java/graphql-java-servlet/4.6.0/graphql-java-servlet-4.6.0.jar:/Users/dannielsrolfe/.m2/repository/javax/servlet/javax.servlet-api/4.0.1/javax.servlet-api-4.0.1.jar:/Users/dannielsrolfe/.m2/repository/commons-fileupload/commons-fileupload/1.3.1/commons-fileupload-1.3.1.jar:/Users/dannielsrolfe/.m2/repository/commons-io/commons-io/2.2/commons-io-2.2.jar:/Users/dannielsrolfe/.m2/repository/com/graphql-java/graphql-java-tools/4.3.0/graphql-java-tools-4.3.0.jar:/Users/dannielsrolfe/.m2/repository/org/jetbrains/kotlin/kotlin-stdlib/1.2.71/kotlin-stdlib-1.2.71.jar:/Users/dannielsrolfe/.m2/repository/org/jetbrains/kotlin/kotlin-stdlib-common/1.2.71/kotlin-stdlib-common-1.2.71.jar:/Users/dannielsrolfe/.m2/repository/org/jetbrains/annotations/13.0/annotations-13.0.jar:/Users/dannielsrolfe/.m2/repository/com/graphql-java/graphql-java/6.0/graphql-java-6.0.jar:/Users/dannielsrolfe/.m2/repository/org/antlr/antlr4-runtime/4.5.1/antlr4-runtime-4.5.1.jar:/Users/dannielsrolfe/.m2/repository/com/graphql-java/java-dataloader/2.0.1/java-dataloader-2.0.1.jar:/Users/dannielsrolfe/.m2/repository/org/reactivestreams/reactive-streams/1.0.2/reactive-streams-1.0.2.jar:/Users/dannielsrolfe/.m2/repository/com/fasterxml/jackson/core/jackson-core/2.9.8/jackson-core-2.9.8.jar:/Users/dannielsrolfe/.m2/repository/com/fasterxml/jackson/module/jackson-module-kotlin/2.9.8/jackson-module-kotlin-2.9.8.jar:/Users/dannielsrolfe/.m2/repository/com/fasterxml/jackson/core/jackson-annotations/2.9.0/jackson-annotations-2.9.0.jar:/Users/dannielsrolfe/.m2/repository/org/jetbrains/kotlin/kotlin-reflect/1.2.71/kotlin-reflect-1.2.71.jar:/Users/dannielsrolfe/.m2/repository/com/fasterxml/jackson/datatype/jackson-datatype-jdk8/2.9.8/jackson-datatype-jdk8-2.9.8.jar:/Users/dannielsrolfe/.m2/repository/com/esotericsoftware/reflectasm/1.11.3/reflectasm-1.11.3.jar:/Users/dannielsrolfe/.m2/repository/org/ow2/asm/asm/5.0.4/asm-5.0.4.jar:/Users/dannielsrolfe/.m2/repository/org/apache/commons/commons-lang3/3.8.1/commons-lang3-3.8.1.jar:/Users/dannielsrolfe/.m2/repository/com/google/guava/guava/21.0/guava-21.0.jar:/Users/dannielsrolfe/.m2/repository/org/slf4j/slf4j-api/1.7.26/slf4j-api-1.7.26.jar:/Users/dannielsrolfe/.m2/repository/com/graphql-java/graphiql-spring-boot-starter/4.0.0/graphiql-spring-boot-starter-4.0.0.jar:/Users/dannielsrolfe/.m2/repository/com/graphql-java/graphiql-spring-boot-autoconfigure/4.0.0/graphiql-spring-boot-autoconfigure-4.0.0.jar:/Users/dannielsrolfe/.m2/repository/org/apache/commons/commons-text/1.1/commons-text-1.1.jar:/Users/dannielsrolfe/.m2/repository/org/projectlombok/lombok/1.16.20/lombok-1.16.20.jar:"/>
    <property name="java.vm.vendor" value="Oracle Corporation"/>
    <property name="sun.arch.data.model" value="64"/>
    <property name="java.vendor.url" value="http://java.oracle.com/"/>
    <property name="user.timezone" value=""/>
    <property name="java.vm.specification.version" value="1.8"/>
    <property name="os.name" value="Mac OS X"/>
    <property name="user.country" value="US"/>
    <property name="sun.java.launcher" value="SUN_STANDARD"/>
    <property name="sun.boot.library.path" value="/Library/Java/JavaVirtualMachines/jdk1.8.0_202.jdk/Contents/Home/jre/lib"/>
    <property name="sun.java.command" value="/Users/dannielsrolfe/repos/parkingAndPrivacy/pandp-backend/target/surefire/surefirebooter2408988458897852587.jar /Users/dannielsrolfe/repos/parkingAndPrivacy/pandp-backend/target/surefire 2019-05-21T19-46-59_430-jvmRun1 surefire2213357039521213958tmp surefire_06880834064530739224tmp"/>
    <property name="http.nonProxyHosts" value="local|*.local|169.254/16|*.169.254/16"/>
    <property name="surefire.test.class.path" value="/Users/dannielsrolfe/repos/parkingAndPrivacy/pandp-backend/target/test-classes:/Users/dannielsrolfe/repos/parkingAndPrivacy/pandp-backend/target/classes:/Users/dannielsrolfe/.m2/repository/org/springframework/boot/spring-boot-starter-web/2.1.5.RELEASE/spring-boot-starter-web-2.1.5.RELEASE.jar:/Users/dannielsrolfe/.m2/repository/org/springframework/boot/spring-boot-starter/2.1.5.RELEASE/spring-boot-starter-2.1.5.RELEASE.jar:/Users/dannielsrolfe/.m2/repository/org/springframework/boot/spring-boot-starter-logging/2.1.5.RELEASE/spring-boot-starter-logging-2.1.5.RELEASE.jar:/Users/dannielsrolfe/.m2/repository/ch/qos/logback/logback-classic/1.2.3/logback-classic-1.2.3.jar:/Users/dannielsrolfe/.m2/repository/ch/qos/logback/logback-core/1.2.3/logback-core-1.2.3.jar:/Users/dannielsrolfe/.m2/repository/org/apache/logging/log4j/log4j-to-slf4j/2.11.2/log4j-to-slf4j-2.11.2.jar:/Users/dannielsrolfe/.m2/repository/org/apache/logging/log4j/log4j-api/2.11.2/log4j-api-2.11.2.jar:/Users/dannielsrolfe/.m2/repository/org/slf4j/jul-to-slf4j/1.7.26/jul-to-slf4j-1.7.26.jar:/Users/dannielsrolfe/.m2/repository/javax/annotation/javax.annotation-api/1.3.2/javax.annotation-api-1.3.2.jar:/Users/dannielsrolfe/.m2/repository/org/yaml/snakeyaml/1.23/snakeyaml-1.23.jar:/Users/dannielsrolfe/.m2/repository/org/springframework/boot/spring-boot-starter-json/2.1.5.RELEASE/spring-boot-starter-json-2.1.5.RELEASE.jar:/Users/dannielsrolfe/.m2/repository/com/fasterxml/jackson/core/jackson-databind/2.9.8/jackson-databind-2.9.8.jar:/Users/dannielsrolfe/.m2/repository/com/fasterxml/jackson/datatype/jackson-datatype-jsr310/2.9.8/jackson-datatype-jsr310-2.9.8.jar:/Users/dannielsrolfe/.m2/repository/com/fasterxml/jackson/module/jackson-module-parameter-names/2.9.8/jackson-module-parameter-names-2.9.8.jar:/Users/dannielsrolfe/.m2/repository/org/springframework/boot/spring-boot-starter-tomcat/2.1.5.RELEASE/spring-boot-starter-tomcat-2.1.5.RELEASE.jar:/Users/dannielsrolfe/.m2/repository/org/apache/tomcat/embed/tomcat-embed-core/9.0.19/tomcat-embed-core-9.0.19.jar:/Users/dannielsrolfe/.m2/repository/org/apache/tomcat/embed/tomcat-embed-el/9.0.19/tomcat-embed-el-9.0.19.jar:/Users/dannielsrolfe/.m2/repository/org/apache/tomcat/embed/tomcat-embed-websocket/9.0.19/tomcat-embed-websocket-9.0.19.jar:/Users/dannielsrolfe/.m2/repository/org/hibernate/validator/hibernate-validator/6.0.16.Final/hibernate-validator-6.0.16.Final.jar:/Users/dannielsrolfe/.m2/repository/javax/validation/validation-api/2.0.1.Final/validation-api-2.0.1.Final.jar:/Users/dannielsrolfe/.m2/repository/org/jboss/logging/jboss-logging/3.3.2.Final/jboss-logging-3.3.2.Final.jar:/Users/dannielsrolfe/.m2/repository/com/fasterxml/classmate/1.4.0/classmate-1.4.0.jar:/Users/dannielsrolfe/.m2/repository/org/springframework/spring-web/5.1.7.RELEASE/spring-web-5.1.7.RELEASE.jar:/Users/dannielsrolfe/.m2/repository/org/springframework/spring-beans/5.1.7.RELEASE/spring-beans-5.1.7.RELEASE.jar:/Users/dannielsrolfe/.m2/repository/org/springframework/spring-webmvc/5.1.7.RELEASE/spring-webmvc-5.1.7.RELEASE.jar:/Users/dannielsrolfe/.m2/repository/org/springframework/spring-aop/5.1.7.RELEASE/spring-aop-5.1.7.RELEASE.jar:/Users/dannielsrolfe/.m2/repository/org/springframework/spring-context/5.1.7.RELEASE/spring-context-5.1.7.RELEASE.jar:/Users/dannielsrolfe/.m2/repository/org/springframework/spring-expression/5.1.7.RELEASE/spring-expression-5.1.7.RELEASE.jar:/Users/dannielsrolfe/.m2/repository/org/springframework/boot/spring-boot-devtools/2.1.5.RELEASE/spring-boot-devtools-2.1.5.RELEASE.jar:/Users/dannielsrolfe/.m2/repository/org/springframework/boot/spring-boot/2.1.5.RELEASE/spring-boot-2.1.5.RELEASE.jar:/Users/dannielsrolfe/.m2/repository/org/springframework/boot/spring-boot-autoconfigure/2.1.5.RELEASE/spring-boot-autoconfigure-2.1.5.RELEASE.jar:/Users/dannielsrolfe/.m2/repository/org/postgresql/postgresql/42.2.5/postgresql-42.2.5.jar:/Users/dannielsrolfe/.m2/repository/org/springframework/boot/spring-boot-starter-data-jpa/2.1.5.RELEASE/spring-boot-starter-data-jpa-2.1.5.RELEASE.jar:/Users/dannielsrolfe/.m2/repository/org/springframework/boot/spring-boot-starter-aop/2.1.5.RELEASE/spring-boot-starter-aop-2.1.5.RELEASE.jar:/Users/dannielsrolfe/.m2/repository/org/aspectj/aspectjweaver/1.9.4/aspectjweaver-1.9.4.jar:/Users/dannielsrolfe/.m2/repository/org/springframework/boot/spring-boot-starter-jdbc/2.1.5.RELEASE/spring-boot-starter-jdbc-2.1.5.RELEASE.jar:/Users/dannielsrolfe/.m2/repository/com/zaxxer/HikariCP/3.2.0/HikariCP-3.2.0.jar:/Users/dannielsrolfe/.m2/repository/org/springframework/spring-jdbc/5.1.7.RELEASE/spring-jdbc-5.1.7.RELEASE.jar:/Users/dannielsrolfe/.m2/repository/javax/transaction/javax.transaction-api/1.3/javax.transaction-api-1.3.jar:/Users/dannielsrolfe/.m2/repository/javax/xml/bind/jaxb-api/2.3.1/jaxb-api-2.3.1.jar:/Users/dannielsrolfe/.m2/repository/javax/activation/javax.activation-api/1.2.0/javax.activation-api-1.2.0.jar:/Users/dannielsrolfe/.m2/repository/org/hibernate/hibernate-core/5.3.10.Final/hibernate-core-5.3.10.Final.jar:/Users/dannielsrolfe/.m2/repository/javax/persistence/javax.persistence-api/2.2/javax.persistence-api-2.2.jar:/Users/dannielsrolfe/.m2/repository/org/javassist/javassist/3.23.2-GA/javassist-3.23.2-GA.jar:/Users/dannielsrolfe/.m2/repository/net/bytebuddy/byte-buddy/1.9.12/byte-buddy-1.9.12.jar:/Users/dannielsrolfe/.m2/repository/antlr/antlr/2.7.7/antlr-2.7.7.jar:/Users/dannielsrolfe/.m2/repository/org/jboss/jandex/2.0.5.Final/jandex-2.0.5.Final.jar:/Users/dannielsrolfe/.m2/repository/org/dom4j/dom4j/2.1.1/dom4j-2.1.1.jar:/Users/dannielsrolfe/.m2/repository/org/hibernate/common/hibernate-commons-annotations/5.0.4.Final/hibernate-commons-annotations-5.0.4.Final.jar:/Users/dannielsrolfe/.m2/repository/org/springframework/data/spring-data-jpa/2.1.8.RELEASE/spring-data-jpa-2.1.8.RELEASE.jar:/Users/dannielsrolfe/.m2/repository/org/springframework/data/spring-data-commons/2.1.8.RELEASE/spring-data-commons-2.1.8.RELEASE.jar:/Users/dannielsrolfe/.m2/repository/org/springframework/spring-orm/5.1.7.RELEASE/spring-orm-5.1.7.RELEASE.jar:/Users/dannielsrolfe/.m2/repository/org/springframework/spring-tx/5.1.7.RELEASE/spring-tx-5.1.7.RELEASE.jar:/Users/dannielsrolfe/.m2/repository/org/springframework/spring-aspects/5.1.7.RELEASE/spring-aspects-5.1.7.RELEASE.jar:/Users/dannielsrolfe/.m2/repository/org/springframework/boot/spring-boot-starter-test/2.1.5.RELEASE/spring-boot-starter-test-2.1.5.RELEASE.jar:/Users/dannielsrolfe/.m2/repository/org/springframework/boot/spring-boot-test/2.1.5.RELEASE/spring-boot-test-2.1.5.RELEASE.jar:/Users/dannielsrolfe/.m2/repository/org/springframework/boot/spring-boot-test-autoconfigure/2.1.5.RELEASE/spring-boot-test-autoconfigure-2.1.5.RELEASE.jar:/Users/dannielsrolfe/.m2/repository/com/jayway/jsonpath/json-path/2.4.0/json-path-2.4.0.jar:/Users/dannielsrolfe/.m2/repository/net/minidev/json-smart/2.3/json-smart-2.3.jar:/Users/dannielsrolfe/.m2/repository/net/minidev/accessors-smart/1.2/accessors-smart-1.2.jar:/Users/dannielsrolfe/.m2/repository/junit/junit/4.12/junit-4.12.jar:/Users/dannielsrolfe/.m2/repository/org/assertj/assertj-core/3.11.1/assertj-core-3.11.1.jar:/Users/dannielsrolfe/.m2/repository/org/mockito/mockito-core/2.23.4/mockito-core-2.23.4.jar:/Users/dannielsrolfe/.m2/repository/net/bytebuddy/byte-buddy-agent/1.9.12/byte-buddy-agent-1.9.12.jar:/Users/dannielsrolfe/.m2/repository/org/objenesis/objenesis/2.6/objenesis-2.6.jar:/Users/dannielsrolfe/.m2/repository/org/hamcrest/hamcrest-core/1.3/hamcrest-core-1.3.jar:/Users/dannielsrolfe/.m2/repository/org/hamcrest/hamcrest-library/1.3/hamcrest-library-1.3.jar:/Users/dannielsrolfe/.m2/repository/org/skyscreamer/jsonassert/1.5.0/jsonassert-1.5.0.jar:/Users/dannielsrolfe/.m2/repository/com/vaadin/external/google/android-json/0.0.20131108.vaadin1/android-json-0.0.20131108.vaadin1.jar:/Users/dannielsrolfe/.m2/repository/org/springframework/spring-core/5.1.7.RELEASE/spring-core-5.1.7.RELEASE.jar:/Users/dannielsrolfe/.m2/repository/org/springframework/spring-jcl/5.1.7.RELEASE/spring-jcl-5.1.7.RELEASE.jar:/Users/dannielsrolfe/.m2/repository/org/springframework/spring-test/5.1.7.RELEASE/spring-test-5.1.7.RELEASE.jar:/Users/dannielsrolfe/.m2/repository/org/xmlunit/xmlunit-core/2.6.2/xmlunit-core-2.6.2.jar:/Users/dannielsrolfe/.m2/repository/com/graphql-java/graphql-spring-boot-starter/4.0.0/graphql-spring-boot-starter-4.0.0.jar:/Users/dannielsrolfe/.m2/repository/com/graphql-java/graphql-spring-boot-autoconfigure/4.0.0/graphql-spring-boot-autoconfigure-4.0.0.jar:/Users/dannielsrolfe/.m2/repository/org/springframework/boot/spring-boot-configuration-processor/2.1.5.RELEASE/spring-boot-configuration-processor-2.1.5.RELEASE.jar:/Users/dannielsrolfe/.m2/repository/com/graphql-java/graphql-java-servlet/4.6.0/graphql-java-servlet-4.6.0.jar:/Users/dannielsrolfe/.m2/repository/javax/servlet/javax.servlet-api/4.0.1/javax.servlet-api-4.0.1.jar:/Users/dannielsrolfe/.m2/repository/commons-fileupload/commons-fileupload/1.3.1/commons-fileupload-1.3.1.jar:/Users/dannielsrolfe/.m2/repository/commons-io/commons-io/2.2/commons-io-2.2.jar:/Users/dannielsrolfe/.m2/repository/com/graphql-java/graphql-java-tools/4.3.0/graphql-java-tools-4.3.0.jar:/Users/dannielsrolfe/.m2/repository/org/jetbrains/kotlin/kotlin-stdlib/1.2.71/kotlin-stdlib-1.2.71.jar:/Users/dannielsrolfe/.m2/repository/org/jetbrains/kotlin/kotlin-stdlib-common/1.2.71/kotlin-stdlib-common-1.2.71.jar:/Users/dannielsrolfe/.m2/repository/org/jetbrains/annotations/13.0/annotations-13.0.jar:/Users/dannielsrolfe/.m2/repository/com/graphql-java/graphql-java/6.0/graphql-java-6.0.jar:/Users/dannielsrolfe/.m2/repository/org/antlr/antlr4-runtime/4.5.1/antlr4-runtime-4.5.1.jar:/Users/dannielsrolfe/.m2/repository/com/graphql-java/java-dataloader/2.0.1/java-dataloader-2.0.1.jar:/Users/dannielsrolfe/.m2/repository/org/reactivestreams/reactive-streams/1.0.2/reactive-streams-1.0.2.jar:/Users/dannielsrolfe/.m2/repository/com/fasterxml/jackson/core/jackson-core/2.9.8/jackson-core-2.9.8.jar:/Users/dannielsrolfe/.m2/repository/com/fasterxml/jackson/module/jackson-module-kotlin/2.9.8/jackson-module-kotlin-2.9.8.jar:/Users/dannielsrolfe/.m2/repository/com/fasterxml/jackson/core/jackson-annotations/2.9.0/jackson-annotations-2.9.0.jar:/Users/dannielsrolfe/.m2/repository/org/jetbrains/kotlin/kotlin-reflect/1.2.71/kotlin-reflect-1.2.71.jar:/Users/dannielsrolfe/.m2/repository/com/fasterxml/jackson/datatype/jackson-datatype-jdk8/2.9.8/jackson-datatype-jdk8-2.9.8.jar:/Users/dannielsrolfe/.m2/repository/com/esotericsoftware/reflectasm/1.11.3/reflectasm-1.11.3.jar:/Users/dannielsrolfe/.m2/repository/org/ow2/asm/asm/5.0.4/asm-5.0.4.jar:/Users/dannielsrolfe/.m2/repository/org/apache/commons/commons-lang3/3.8.1/commons-lang3-3.8.1.jar:/Users/dannielsrolfe/.m2/repository/com/google/guava/guava/21.0/guava-21.0.jar:/Users/dannielsrolfe/.m2/repository/org/slf4j/slf4j-api/1.7.26/slf4j-api-1.7.26.jar:/Users/dannielsrolfe/.m2/repository/com/graphql-java/graphiql-spring-boot-starter/4.0.0/graphiql-spring-boot-starter-4.0.0.jar:/Users/dannielsrolfe/.m2/repository/com/graphql-java/graphiql-spring-boot-autoconfigure/4.0.0/graphiql-spring-boot-autoconfigure-4.0.0.jar:/Users/dannielsrolfe/.m2/repository/org/apache/commons/commons-text/1.1/commons-text-1.1.jar:/Users/dannielsrolfe/.m2/repository/org/projectlombok/lombok/1.16.20/lombok-1.16.20.jar:"/>
    <property name="sun.cpu.endian" value="little"/>
    <property name="user.home" value="/Users/dannielsrolfe"/>
    <property name="user.language" value="en"/>
    <property name="java.specification.vendor" value="Oracle Corporation"/>
    <property name="java.home" value="/Library/Java/JavaVirtualMachines/jdk1.8.0_202.jdk/Contents/Home/jre"/>
    <property name="basedir" value="/Users/dannielsrolfe/repos/parkingAndPrivacy/pandp-backend"/>
    <property name="file.separator" value="/"/>
    <property name="line.separator" value="&#10;"/>
    <property name="java.vm.specification.vendor" value="Oracle Corporation"/>
    <property name="java.specification.name" value="Java Platform API Specification"/>
    <property name="java.awt.graphicsenv" value="sun.awt.CGraphicsEnvironment"/>
    <property name="surefire.real.class.path" value="/Users/dannielsrolfe/repos/parkingAndPrivacy/pandp-backend/target/surefire/surefirebooter2408988458897852587.jar"/>
    <property name="sun.boot.class.path" value="/Library/Java/JavaVirtualMachines/jdk1.8.0_202.jdk/Contents/Home/jre/lib/resources.jar:/Library/Java/JavaVirtualMachines/jdk1.8.0_202.jdk/Contents/Home/jre/lib/rt.jar:/Library/Java/JavaVirtualMachines/jdk1.8.0_202.jdk/Contents/Home/jre/lib/sunrsasign.jar:/Library/Java/JavaVirtualMachines/jdk1.8.0_202.jdk/Contents/Home/jre/lib/jsse.jar:/Library/Java/JavaVirtualMachines/jdk1.8.0_202.jdk/Contents/Home/jre/lib/jce.jar:/Library/Java/JavaVirtualMachines/jdk1.8.0_202.jdk/Contents/Home/jre/lib/charsets.jar:/Library/Java/JavaVirtualMachines/jdk1.8.0_202.jdk/Contents/Home/jre/lib/jfr.jar:/Library/Java/JavaVirtualMachines/jdk1.8.0_202.jdk/Contents/Home/jre/classes"/>
    <property name="sun.management.compiler" value="HotSpot 64-Bit Tiered Compilers"/>
    <property name="ftp.nonProxyHosts" value="local|*.local|169.254/16|*.169.254/16"/>
    <property name="java.runtime.version" value="1.8.0_202-b08"/>
    <property name="user.name" value="dannielsrolfe"/>
    <property name="path.separator" value=":"/>
    <property name="os.version" value="10.14.4"/>
    <property name="java.endorsed.dirs" value="/Library/Java/JavaVirtualMachines/jdk1.8.0_202.jdk/Contents/Home/jre/lib/endorsed"/>
    <property name="java.runtime.name" value="Java(TM) SE Runtime Environment"/>
    <property name="file.encoding" value="UTF-8"/>
    <property name="java.vm.name" value="Java HotSpot(TM) 64-Bit Server VM"/>
    <property name="localRepository" value="/Users/dannielsrolfe/.m2/repository"/>
    <property name="java.vendor.url.bug" value="http://bugreport.sun.com/bugreport/"/>
    <property name="java.io.tmpdir" value="/var/folders/v9/wq1qkkns1v9gqn79l23q7rqw0000gn/T/"/>
    <property name="java.version" value="1.8.0_202"/>
    <property name="user.dir" value="/Users/dannielsrolfe/repos/parkingAndPrivacy/pandp-backend"/>
    <property name="os.arch" value="x86_64"/>
    <property name="java.vm.specification.name" value="Java Virtual Machine Specification"/>
    <property name="java.awt.printerjob" value="sun.lwawt.macosx.CPrinterJob"/>
    <property name="sun.os.patch.level" value="unknown"/>
    <property name="java.library.path" value="/Users/dannielsrolfe/Library/Java/Extensions:/Library/Java/Extensions:/Network/Library/Java/Extensions:/System/Library/Java/Extensions:/usr/lib/java:."/>
    <property name="java.vm.info" value="mixed mode"/>
    <property name="java.vendor" value="Oracle Corporation"/>
    <property name="java.vm.version" value="25.202-b08"/>
    <property name="java.ext.dirs" value="/Users/dannielsrolfe/Library/Java/Extensions:/Library/Java/JavaVirtualMachines/jdk1.8.0_202.jdk/Contents/Home/jre/lib/ext:/Library/Java/Extensions:/Network/Library/Java/Extensions:/System/Library/Java/Extensions:/usr/lib/java"/>
    <property name="sun.io.unicode.encoding" value="UnicodeBig"/>
    <property name="java.class.version" value="52.0"/>
    <property name="socksNonProxyHosts" value="local|*.local|169.254/16|*.169.254/16"/>
  </properties>
  <testcase name="contextLoads" classname="io.pandp.service.ServiceApplicationTests" time="0.001">
    <error message="Failed to load ApplicationContext" type="java.lang.IllegalStateException">java.lang.IllegalStateException: Failed to load ApplicationContext
Caused by: org.springframework.beans.factory.BeanCreationException: 
Error creating bean with name 'schemaParser' defined in class path resource [com/oembedler/moon/graphql/boot/GraphQLJavaToolsAutoConfiguration.class]: Bean instantiation via factory method failed; nested exception is org.springframework.beans.BeanInstantiationException: Failed to instantiate [com.coxautodev.graphql.tools.SchemaParser]: Factory method 'schemaParser' threw exception; nested exception is com.coxautodev.graphql.tools.FieldResolverError: No method or field found with any of the following signatures (with or without graphql.schema.DataFetchingEnvironment as the last argument), in priority order:

  io.pandp.service.registration.entity.CredentialsEntity.permission()
  io.pandp.service.registration.entity.CredentialsEntity.getPermission()
  io.pandp.service.registration.entity.CredentialsEntity.permission
Caused by: org.springframework.beans.BeanInstantiationException: 
Failed to instantiate [com.coxautodev.graphql.tools.SchemaParser]: Factory method 'schemaParser' threw exception; nested exception is com.coxautodev.graphql.tools.FieldResolverError: No method or field found with any of the following signatures (with or without graphql.schema.DataFetchingEnvironment as the last argument), in priority order:

  io.pandp.service.registration.entity.CredentialsEntity.permission()
  io.pandp.service.registration.entity.CredentialsEntity.getPermission()
  io.pandp.service.registration.entity.CredentialsEntity.permission
Caused by: com.coxautodev.graphql.tools.FieldResolverError: 
No method or field found with any of the following signatures (with or without graphql.schema.DataFetchingEnvironment as the last argument), in priority order:

  io.pandp.service.registration.entity.CredentialsEntity.permission()
  io.pandp.service.registration.entity.CredentialsEntity.getPermission()
  io.pandp.service.registration.entity.CredentialsEntity.permission
</error>
    <system-out><![CDATA[19:47:00.039 [main] DEBUG org.springframework.test.context.junit4.SpringJUnit4ClassRunner - SpringJUnit4ClassRunner constructor called with [class io.pandp.service.ServiceApplicationTests]
19:47:00.045 [main] DEBUG org.springframework.test.context.BootstrapUtils - Instantiating CacheAwareContextLoaderDelegate from class [org.springframework.test.context.cache.DefaultCacheAwareContextLoaderDelegate]
19:47:00.053 [main] DEBUG org.springframework.test.context.BootstrapUtils - Instantiating BootstrapContext using constructor [public org.springframework.test.context.support.DefaultBootstrapContext(java.lang.Class,org.springframework.test.context.CacheAwareContextLoaderDelegate)]
19:47:00.071 [main] DEBUG org.springframework.test.context.BootstrapUtils - Instantiating TestContextBootstrapper for test class [io.pandp.service.ServiceApplicationTests] from class [org.springframework.boot.test.context.SpringBootTestContextBootstrapper]
19:47:00.084 [main] INFO org.springframework.boot.test.context.SpringBootTestContextBootstrapper - Neither @ContextConfiguration nor @ContextHierarchy found for test class [io.pandp.service.ServiceApplicationTests], using SpringBootContextLoader
19:47:00.088 [main] DEBUG org.springframework.test.context.support.AbstractContextLoader - Did not detect default resource location for test class [io.pandp.service.ServiceApplicationTests]: class path resource [io/pandp/service/ServiceApplicationTests-context.xml] does not exist
19:47:00.088 [main] DEBUG org.springframework.test.context.support.AbstractContextLoader - Did not detect default resource location for test class [io.pandp.service.ServiceApplicationTests]: class path resource [io/pandp/service/ServiceApplicationTestsContext.groovy] does not exist
19:47:00.088 [main] INFO org.springframework.test.context.support.AbstractContextLoader - Could not detect default resource locations for test class [io.pandp.service.ServiceApplicationTests]: no resource found for suffixes {-context.xml, Context.groovy}.
19:47:00.089 [main] INFO org.springframework.test.context.support.AnnotationConfigContextLoaderUtils - Could not detect default configuration classes for test class [io.pandp.service.ServiceApplicationTests]: ServiceApplicationTests does not declare any static, non-private, non-final, nested classes annotated with @Configuration.
19:47:00.126 [main] DEBUG org.springframework.test.context.support.ActiveProfilesUtils - Could not find an 'annotation declaring class' for annotation type [org.springframework.test.context.ActiveProfiles] and class [io.pandp.service.ServiceApplicationTests]
19:47:00.211 [main] DEBUG org.springframework.context.annotation.ClassPathScanningCandidateComponentProvider - Identified candidate component class: file [/Users/dannielsrolfe/repos/parkingAndPrivacy/pandp-backend/target/classes/io/pandp/service/ServiceApplication.class]
19:47:00.213 [main] INFO org.springframework.boot.test.context.SpringBootTestContextBootstrapper - Found @SpringBootConfiguration io.pandp.service.ServiceApplication for test class io.pandp.service.ServiceApplicationTests
19:47:00.306 [main] DEBUG org.springframework.boot.test.context.SpringBootTestContextBootstrapper - @TestExecutionListeners is not present for class [io.pandp.service.ServiceApplicationTests]: using defaults.
19:47:00.306 [main] INFO org.springframework.boot.test.context.SpringBootTestContextBootstrapper - Loaded default TestExecutionListener class names from location [META-INF/spring.factories]: [org.springframework.boot.test.mock.mockito.MockitoTestExecutionListener, org.springframework.boot.test.mock.mockito.ResetMocksTestExecutionListener, org.springframework.boot.test.autoconfigure.restdocs.RestDocsTestExecutionListener, org.springframework.boot.test.autoconfigure.web.client.MockRestServiceServerResetTestExecutionListener, org.springframework.boot.test.autoconfigure.web.servlet.MockMvcPrintOnlyOnFailureTestExecutionListener, org.springframework.boot.test.autoconfigure.web.servlet.WebDriverTestExecutionListener, org.springframework.test.context.web.ServletTestExecutionListener, org.springframework.test.context.support.DirtiesContextBeforeModesTestExecutionListener, org.springframework.test.context.support.DependencyInjectionTestExecutionListener, org.springframework.test.context.support.DirtiesContextTestExecutionListener, org.springframework.test.context.transaction.TransactionalTestExecutionListener, org.springframework.test.context.jdbc.SqlScriptsTestExecutionListener]
19:47:00.325 [main] INFO org.springframework.boot.test.context.SpringBootTestContextBootstrapper - Using TestExecutionListeners: [org.springframework.test.context.web.ServletTestExecutionListener@9f116cc, org.springframework.test.context.support.DirtiesContextBeforeModesTestExecutionListener@12468a38, org.springframework.boot.test.mock.mockito.MockitoTestExecutionListener@1aa7ecca, org.springframework.boot.test.autoconfigure.SpringBootDependencyInjectionTestExecutionListener@59309333, org.springframework.test.context.support.DirtiesContextTestExecutionListener@5876a9af, org.springframework.test.context.transaction.TransactionalTestExecutionListener@7ec7ffd3, org.springframework.test.context.jdbc.SqlScriptsTestExecutionListener@5b239d7d, org.springframework.boot.test.mock.mockito.ResetMocksTestExecutionListener@6572421, org.springframework.boot.test.autoconfigure.restdocs.RestDocsTestExecutionListener@6b81ce95, org.springframework.boot.test.autoconfigure.web.client.MockRestServiceServerResetTestExecutionListener@2a798d51, org.springframework.boot.test.autoconfigure.web.servlet.MockMvcPrintOnlyOnFailureTestExecutionListener@6d763516, org.springframework.boot.test.autoconfigure.web.servlet.WebDriverTestExecutionListener@52bf72b5]
19:47:00.326 [main] DEBUG org.springframework.test.annotation.ProfileValueUtils - Retrieved @ProfileValueSourceConfiguration [null] for test class [io.pandp.service.ServiceApplicationTests]
19:47:00.326 [main] DEBUG org.springframework.test.annotation.ProfileValueUtils - Retrieved ProfileValueSource type [class org.springframework.test.annotation.SystemProfileValueSource] for class [io.pandp.service.ServiceApplicationTests]
19:47:00.328 [main] DEBUG org.springframework.test.annotation.ProfileValueUtils - Retrieved @ProfileValueSourceConfiguration [null] for test class [io.pandp.service.ServiceApplicationTests]
19:47:00.328 [main] DEBUG org.springframework.test.annotation.ProfileValueUtils - Retrieved ProfileValueSource type [class org.springframework.test.annotation.SystemProfileValueSource] for class [io.pandp.service.ServiceApplicationTests]
19:47:00.328 [main] DEBUG org.springframework.test.annotation.ProfileValueUtils - Retrieved @ProfileValueSourceConfiguration [null] for test class [io.pandp.service.ServiceApplicationTests]
19:47:00.328 [main] DEBUG org.springframework.test.annotation.ProfileValueUtils - Retrieved ProfileValueSource type [class org.springframework.test.annotation.SystemProfileValueSource] for class [io.pandp.service.ServiceApplicationTests]
19:47:00.332 [main] DEBUG org.springframework.test.context.support.AbstractDirtiesContextTestExecutionListener - Before test class: context [DefaultTestContext@57a3af25 testClass = ServiceApplicationTests, testInstance = [null], testMethod = [null], testException = [null], mergedContextConfiguration = [WebMergedContextConfiguration@2b662a77 testClass = ServiceApplicationTests, locations = '{}', classes = '{class io.pandp.service.ServiceApplication}', contextInitializerClasses = '[]', activeProfiles = '{}', propertySourceLocations = '{}', propertySourceProperties = '{org.springframework.boot.test.context.SpringBootTestContextBootstrapper=true}', contextCustomizers = set[org.springframework.boot.test.context.filter.ExcludeFilterContextCustomizer@fad74ee, org.springframework.boot.test.json.DuplicateJsonObjectContextCustomizerFactory$DuplicateJsonObjectContextCustomizer@27808f31, org.springframework.boot.test.mock.mockito.MockitoContextCustomizer@0, org.springframework.boot.test.web.client.TestRestTemplateContextCustomizer@5f3a4b84, org.springframework.boot.test.autoconfigure.properties.PropertyMappingContextCustomizer@0, org.springframework.boot.test.autoconfigure.web.servlet.WebDriverContextCustomizerFactory$Customizer@612fc6eb], resourceBasePath = 'src/main/webapp', contextLoader = 'org.springframework.boot.test.context.SpringBootContextLoader', parent = [null]], attributes = map['org.springframework.test.context.web.ServletTestExecutionListener.activateListener' -> true]], class annotated with @DirtiesContext [false] with mode [null].
19:47:00.332 [main] DEBUG org.springframework.test.annotation.ProfileValueUtils - Retrieved @ProfileValueSourceConfiguration [null] for test class [io.pandp.service.ServiceApplicationTests]
19:47:00.332 [main] DEBUG org.springframework.test.annotation.ProfileValueUtils - Retrieved ProfileValueSource type [class org.springframework.test.annotation.SystemProfileValueSource] for class [io.pandp.service.ServiceApplicationTests]
19:47:00.356 [main] DEBUG org.springframework.test.context.support.TestPropertySourceUtils - Adding inlined properties to environment: {spring.jmx.enabled=false, org.springframework.boot.test.context.SpringBootTestContextBootstrapper=true, server.port=-1}

  .   ____          _            __ _ _
 /\\ / ___'_ __ _ _(_)_ __  __ _ \ \ \ \
( ( )\___ | '_ | '_| | '_ \/ _` | \ \ \ \
 \\/  ___)| |_)| | | | | || (_| |  ) ) ) )
  '  |____| .__|_| |_|_| |_\__, | / / / /
 =========|_|==============|___/=/_/_/_/
 :: Spring Boot ::        (v2.1.5.RELEASE)

2019-05-21 19:47:00.576  INFO 39242 --- [           main] i.pandp.service.ServiceApplicationTests  : Starting ServiceApplicationTests on Danniels-MacBook-Pro.local with PID 39242 (started by dannielsrolfe in /Users/dannielsrolfe/repos/parkingAndPrivacy/pandp-backend)
2019-05-21 19:47:00.577  INFO 39242 --- [           main] i.pandp.service.ServiceApplicationTests  : No active profile set, falling back to default profiles: default
2019-05-21 19:47:01.180  INFO 39242 --- [           main] .s.d.r.c.RepositoryConfigurationDelegate : Bootstrapping Spring Data repositories in DEFAULT mode.
2019-05-21 19:47:01.255  INFO 39242 --- [           main] .s.d.r.c.RepositoryConfigurationDelegate : Finished Spring Data repository scanning in 66ms. Found 1 repository interfaces.
2019-05-21 19:47:01.733  INFO 39242 --- [           main] trationDelegate$BeanPostProcessorChecker : Bean 'org.springframework.transaction.annotation.ProxyTransactionManagementConfiguration' of type [org.springframework.transaction.annotation.ProxyTransactionManagementConfiguration$$EnhancerBySpringCGLIB$$2a1bfeb4] is not eligible for getting processed by all BeanPostProcessors (for example: not eligible for auto-proxying)
2019-05-21 19:47:01.925  INFO 39242 --- [           main] com.zaxxer.hikari.HikariDataSource       : HikariPool-1 - Starting...
2019-05-21 19:47:02.023  INFO 39242 --- [           main] com.zaxxer.hikari.HikariDataSource       : HikariPool-1 - Start completed.
2019-05-21 19:47:02.081  INFO 39242 --- [           main] o.hibernate.jpa.internal.util.LogHelper  : HHH000204: Processing PersistenceUnitInfo [
	name: default
	...]
2019-05-21 19:47:02.141  INFO 39242 --- [           main] org.hibernate.Version                    : HHH000412: Hibernate Core {5.3.10.Final}
2019-05-21 19:47:02.143  INFO 39242 --- [           main] org.hibernate.cfg.Environment            : HHH000206: hibernate.properties not found
2019-05-21 19:47:02.276  INFO 39242 --- [           main] o.hibernate.annotations.common.Version   : HCANN000001: Hibernate Commons Annotations {5.0.4.Final}
2019-05-21 19:47:02.400  INFO 39242 --- [           main] org.hibernate.dialect.Dialect            : HHH000400: Using dialect: org.hibernate.dialect.PostgreSQL95Dialect
2019-05-21 19:47:02.417  INFO 39242 --- [           main] o.h.e.j.e.i.LobCreatorBuilderImpl        : HHH000422: Disabling contextual LOB creation as connection was null
2019-05-21 19:47:02.422  INFO 39242 --- [           main] org.hibernate.type.BasicTypeRegistry     : HHH000270: Type registration [java.util.UUID] overrides previous : org.hibernate.type.UUIDBinaryType@57272109
2019-05-21 19:47:03.042  INFO 39242 --- [           main] j.LocalContainerEntityManagerFactoryBean : Initialized JPA EntityManagerFactory for persistence unit 'default'
2019-05-21 19:47:03.719  INFO 39242 --- [           main] o.s.s.concurrent.ThreadPoolTaskExecutor  : Initializing ExecutorService 'applicationTaskExecutor'
2019-05-21 19:47:03.782  WARN 39242 --- [           main] aWebConfiguration$JpaWebMvcConfiguration : spring.jpa.open-in-view is enabled by default. Therefore, database queries may be performed during view rendering. Explicitly configure spring.jpa.open-in-view to disable this warning
2019-05-21 19:47:04.421  WARN 39242 --- [           main] o.s.w.c.s.GenericWebApplicationContext   : Exception encountered during context initialization - cancelling refresh attempt: org.springframework.beans.factory.BeanCreationException: Error creating bean with name 'schemaParser' defined in class path resource [com/oembedler/moon/graphql/boot/GraphQLJavaToolsAutoConfiguration.class]: Bean instantiation via factory method failed; nested exception is org.springframework.beans.BeanInstantiationException: Failed to instantiate [com.coxautodev.graphql.tools.SchemaParser]: Factory method 'schemaParser' threw exception; nested exception is com.coxautodev.graphql.tools.FieldResolverError: No method or field found with any of the following signatures (with or without graphql.schema.DataFetchingEnvironment as the last argument), in priority order:

  io.pandp.service.registration.entity.CredentialsEntity.permission()
  io.pandp.service.registration.entity.CredentialsEntity.getPermission()
  io.pandp.service.registration.entity.CredentialsEntity.permission
2019-05-21 19:47:04.421  INFO 39242 --- [           main] o.s.s.concurrent.ThreadPoolTaskExecutor  : Shutting down ExecutorService 'applicationTaskExecutor'
2019-05-21 19:47:04.422  INFO 39242 --- [           main] j.LocalContainerEntityManagerFactoryBean : Closing JPA EntityManagerFactory for persistence unit 'default'
2019-05-21 19:47:04.425  INFO 39242 --- [           main] com.zaxxer.hikari.HikariDataSource       : HikariPool-1 - Shutdown initiated...
2019-05-21 19:47:04.428  INFO 39242 --- [           main] com.zaxxer.hikari.HikariDataSource       : HikariPool-1 - Shutdown completed.
2019-05-21 19:47:04.441  INFO 39242 --- [           main] ConditionEvaluationReportLoggingListener : 

Error starting ApplicationContext. To display the conditions report re-run your application with 'debug' enabled.
2019-05-21 19:47:04.449 ERROR 39242 --- [           main] o.s.boot.SpringApplication               : Application run failed

org.springframework.beans.factory.BeanCreationException: Error creating bean with name 'schemaParser' defined in class path resource [com/oembedler/moon/graphql/boot/GraphQLJavaToolsAutoConfiguration.class]: Bean instantiation via factory method failed; nested exception is org.springframework.beans.BeanInstantiationException: Failed to instantiate [com.coxautodev.graphql.tools.SchemaParser]: Factory method 'schemaParser' threw exception; nested exception is com.coxautodev.graphql.tools.FieldResolverError: No method or field found with any of the following signatures (with or without graphql.schema.DataFetchingEnvironment as the last argument), in priority order:

  io.pandp.service.registration.entity.CredentialsEntity.permission()
  io.pandp.service.registration.entity.CredentialsEntity.getPermission()
  io.pandp.service.registration.entity.CredentialsEntity.permission
	at org.springframework.beans.factory.support.ConstructorResolver.instantiate(ConstructorResolver.java:627) ~[spring-beans-5.1.7.RELEASE.jar:5.1.7.RELEASE]
	at org.springframework.beans.factory.support.ConstructorResolver.instantiateUsingFactoryMethod(ConstructorResolver.java:607) ~[spring-beans-5.1.7.RELEASE.jar:5.1.7.RELEASE]
	at org.springframework.beans.factory.support.AbstractAutowireCapableBeanFactory.instantiateUsingFactoryMethod(AbstractAutowireCapableBeanFactory.java:1321) ~[spring-beans-5.1.7.RELEASE.jar:5.1.7.RELEASE]
	at org.springframework.beans.factory.support.AbstractAutowireCapableBeanFactory.createBeanInstance(AbstractAutowireCapableBeanFactory.java:1160) ~[spring-beans-5.1.7.RELEASE.jar:5.1.7.RELEASE]
	at org.springframework.beans.factory.support.AbstractAutowireCapableBeanFactory.doCreateBean(AbstractAutowireCapableBeanFactory.java:555) ~[spring-beans-5.1.7.RELEASE.jar:5.1.7.RELEASE]
	at org.springframework.beans.factory.support.AbstractAutowireCapableBeanFactory.createBean(AbstractAutowireCapableBeanFactory.java:515) ~[spring-beans-5.1.7.RELEASE.jar:5.1.7.RELEASE]
	at org.springframework.beans.factory.support.AbstractBeanFactory.lambda$doGetBean$0(AbstractBeanFactory.java:320) ~[spring-beans-5.1.7.RELEASE.jar:5.1.7.RELEASE]
	at org.springframework.beans.factory.support.DefaultSingletonBeanRegistry.getSingleton(DefaultSingletonBeanRegistry.java:222) ~[spring-beans-5.1.7.RELEASE.jar:5.1.7.RELEASE]
	at org.springframework.beans.factory.support.AbstractBeanFactory.doGetBean(AbstractBeanFactory.java:318) ~[spring-beans-5.1.7.RELEASE.jar:5.1.7.RELEASE]
	at org.springframework.beans.factory.support.AbstractBeanFactory.getBean(AbstractBeanFactory.java:199) ~[spring-beans-5.1.7.RELEASE.jar:5.1.7.RELEASE]
	at org.springframework.beans.factory.support.DefaultListableBeanFactory.preInstantiateSingletons(DefaultListableBeanFactory.java:843) ~[spring-beans-5.1.7.RELEASE.jar:5.1.7.RELEASE]
	at org.springframework.context.support.AbstractApplicationContext.finishBeanFactoryInitialization(AbstractApplicationContext.java:877) ~[spring-context-5.1.7.RELEASE.jar:5.1.7.RELEASE]
	at org.springframework.context.support.AbstractApplicationContext.refresh(AbstractApplicationContext.java:549) ~[spring-context-5.1.7.RELEASE.jar:5.1.7.RELEASE]
	at org.springframework.boot.SpringApplication.refresh(SpringApplication.java:775) ~[spring-boot-2.1.5.RELEASE.jar:2.1.5.RELEASE]
	at org.springframework.boot.SpringApplication.refreshContext(SpringApplication.java:397) ~[spring-boot-2.1.5.RELEASE.jar:2.1.5.RELEASE]
	at org.springframework.boot.SpringApplication.run(SpringApplication.java:316) ~[spring-boot-2.1.5.RELEASE.jar:2.1.5.RELEASE]
	at org.springframework.boot.test.context.SpringBootContextLoader.loadContext(SpringBootContextLoader.java:127) [spring-boot-test-2.1.5.RELEASE.jar:2.1.5.RELEASE]
	at org.springframework.test.context.cache.DefaultCacheAwareContextLoaderDelegate.loadContextInternal(DefaultCacheAwareContextLoaderDelegate.java:99) [spring-test-5.1.7.RELEASE.jar:5.1.7.RELEASE]
	at org.springframework.test.context.cache.DefaultCacheAwareContextLoaderDelegate.loadContext(DefaultCacheAwareContextLoaderDelegate.java:117) [spring-test-5.1.7.RELEASE.jar:5.1.7.RELEASE]
	at org.springframework.test.context.support.DefaultTestContext.getApplicationContext(DefaultTestContext.java:108) [spring-test-5.1.7.RELEASE.jar:5.1.7.RELEASE]
	at org.springframework.test.context.web.ServletTestExecutionListener.setUpRequestContextIfNecessary(ServletTestExecutionListener.java:190) [spring-test-5.1.7.RELEASE.jar:5.1.7.RELEASE]
	at org.springframework.test.context.web.ServletTestExecutionListener.prepareTestInstance(ServletTestExecutionListener.java:132) [spring-test-5.1.7.RELEASE.jar:5.1.7.RELEASE]
	at org.springframework.test.context.TestContextManager.prepareTestInstance(TestContextManager.java:246) [spring-test-5.1.7.RELEASE.jar:5.1.7.RELEASE]
	at org.springframework.test.context.junit4.SpringJUnit4ClassRunner.createTest(SpringJUnit4ClassRunner.java:227) [spring-test-5.1.7.RELEASE.jar:5.1.7.RELEASE]
	at org.springframework.test.context.junit4.SpringJUnit4ClassRunner$1.runReflectiveCall(SpringJUnit4ClassRunner.java:289) [spring-test-5.1.7.RELEASE.jar:5.1.7.RELEASE]
	at org.junit.internal.runners.model.ReflectiveCallable.run(ReflectiveCallable.java:12) [junit-4.12.jar:4.12]
	at org.springframework.test.context.junit4.SpringJUnit4ClassRunner.methodBlock(SpringJUnit4ClassRunner.java:291) [spring-test-5.1.7.RELEASE.jar:5.1.7.RELEASE]
	at org.springframework.test.context.junit4.SpringJUnit4ClassRunner.runChild(SpringJUnit4ClassRunner.java:246) [spring-test-5.1.7.RELEASE.jar:5.1.7.RELEASE]
	at org.springframework.test.context.junit4.SpringJUnit4ClassRunner.runChild(SpringJUnit4ClassRunner.java:97) [spring-test-5.1.7.RELEASE.jar:5.1.7.RELEASE]
	at org.junit.runners.ParentRunner$3.run(ParentRunner.java:290) [junit-4.12.jar:4.12]
	at org.junit.runners.ParentRunner$1.schedule(ParentRunner.java:71) [junit-4.12.jar:4.12]
	at org.junit.runners.ParentRunner.runChildren(ParentRunner.java:288) [junit-4.12.jar:4.12]
	at org.junit.runners.ParentRunner.access$000(ParentRunner.java:58) [junit-4.12.jar:4.12]
	at org.junit.runners.ParentRunner$2.evaluate(ParentRunner.java:268) [junit-4.12.jar:4.12]
	at org.springframework.test.context.junit4.statements.RunBeforeTestClassCallbacks.evaluate(RunBeforeTestClassCallbacks.java:61) [spring-test-5.1.7.RELEASE.jar:5.1.7.RELEASE]
	at org.springframework.test.context.junit4.statements.RunAfterTestClassCallbacks.evaluate(RunAfterTestClassCallbacks.java:70) [spring-test-5.1.7.RELEASE.jar:5.1.7.RELEASE]
	at org.junit.runners.ParentRunner.run(ParentRunner.java:363) [junit-4.12.jar:4.12]
	at org.springframework.test.context.junit4.SpringJUnit4ClassRunner.run(SpringJUnit4ClassRunner.java:190) [spring-test-5.1.7.RELEASE.jar:5.1.7.RELEASE]
	at org.apache.maven.surefire.junit4.JUnit4Provider.execute(JUnit4Provider.java:365) [surefire-junit4-2.22.2.jar:2.22.2]
	at org.apache.maven.surefire.junit4.JUnit4Provider.executeWithRerun(JUnit4Provider.java:273) [surefire-junit4-2.22.2.jar:2.22.2]
	at org.apache.maven.surefire.junit4.JUnit4Provider.executeTestSet(JUnit4Provider.java:238) [surefire-junit4-2.22.2.jar:2.22.2]
	at org.apache.maven.surefire.junit4.JUnit4Provider.invoke(JUnit4Provider.java:159) [surefire-junit4-2.22.2.jar:2.22.2]
	at org.apache.maven.surefire.booter.ForkedBooter.invokeProviderInSameClassLoader(ForkedBooter.java:384) [surefire-booter-2.22.2.jar:2.22.2]
	at org.apache.maven.surefire.booter.ForkedBooter.runSuitesInProcess(ForkedBooter.java:345) [surefire-booter-2.22.2.jar:2.22.2]
	at org.apache.maven.surefire.booter.ForkedBooter.execute(ForkedBooter.java:126) [surefire-booter-2.22.2.jar:2.22.2]
	at org.apache.maven.surefire.booter.ForkedBooter.main(ForkedBooter.java:418) [surefire-booter-2.22.2.jar:2.22.2]
Caused by: org.springframework.beans.BeanInstantiationException: Failed to instantiate [com.coxautodev.graphql.tools.SchemaParser]: Factory method 'schemaParser' threw exception; nested exception is com.coxautodev.graphql.tools.FieldResolverError: No method or field found with any of the following signatures (with or without graphql.schema.DataFetchingEnvironment as the last argument), in priority order:

  io.pandp.service.registration.entity.CredentialsEntity.permission()
  io.pandp.service.registration.entity.CredentialsEntity.getPermission()
  io.pandp.service.registration.entity.CredentialsEntity.permission
	at org.springframework.beans.factory.support.SimpleInstantiationStrategy.instantiate(SimpleInstantiationStrategy.java:185) ~[spring-beans-5.1.7.RELEASE.jar:5.1.7.RELEASE]
	at org.springframework.beans.factory.support.ConstructorResolver.instantiate(ConstructorResolver.java:622) ~[spring-beans-5.1.7.RELEASE.jar:5.1.7.RELEASE]
	... 45 common frames omitted
Caused by: com.coxautodev.graphql.tools.FieldResolverError: No method or field found with any of the following signatures (with or without graphql.schema.DataFetchingEnvironment as the last argument), in priority order:

  io.pandp.service.registration.entity.CredentialsEntity.permission()
  io.pandp.service.registration.entity.CredentialsEntity.getPermission()
  io.pandp.service.registration.entity.CredentialsEntity.permission
	at com.coxautodev.graphql.tools.FieldResolverScanner.missingFieldResolver(FieldResolverScanner.kt:44) ~[graphql-java-tools-4.3.0.jar:na]
	at com.coxautodev.graphql.tools.FieldResolverScanner.findFieldResolver(FieldResolverScanner.kt:35) ~[graphql-java-tools-4.3.0.jar:na]
	at com.coxautodev.graphql.tools.SchemaClassScanner.scanResolverInfoForPotentialMatches(SchemaClassScanner.kt:211) ~[graphql-java-tools-4.3.0.jar:na]
	at com.coxautodev.graphql.tools.SchemaClassScanner.scanQueueItemForPotentialMatches(SchemaClassScanner.kt:206) ~[graphql-java-tools-4.3.0.jar:na]
	at com.coxautodev.graphql.tools.SchemaClassScanner.scanQueue(SchemaClassScanner.kt:103) ~[graphql-java-tools-4.3.0.jar:na]
	at com.coxautodev.graphql.tools.SchemaClassScanner.scanForClasses(SchemaClassScanner.kt:81) ~[graphql-java-tools-4.3.0.jar:na]
	at com.coxautodev.graphql.tools.SchemaParserBuilder.scan(SchemaParserBuilder.kt:149) ~[graphql-java-tools-4.3.0.jar:na]
	at com.coxautodev.graphql.tools.SchemaParserBuilder.build(SchemaParserBuilder.kt:155) ~[graphql-java-tools-4.3.0.jar:na]
	at com.oembedler.moon.graphql.boot.GraphQLJavaToolsAutoConfiguration.schemaParser(GraphQLJavaToolsAutoConfiguration.java:80) ~[graphql-spring-boot-autoconfigure-4.0.0.jar:na]
	at com.oembedler.moon.graphql.boot.GraphQLJavaToolsAutoConfiguration$$EnhancerBySpringCGLIB$$eb3229ba.CGLIB$schemaParser$0(<generated>) ~[graphql-spring-boot-autoconfigure-4.0.0.jar:na]
	at com.oembedler.moon.graphql.boot.GraphQLJavaToolsAutoConfiguration$$EnhancerBySpringCGLIB$$eb3229ba$$FastClassBySpringCGLIB$$ed973a5a.invoke(<generated>) ~[graphql-spring-boot-autoconfigure-4.0.0.jar:na]
	at org.springframework.cglib.proxy.MethodProxy.invokeSuper(MethodProxy.java:244) ~[spring-core-5.1.7.RELEASE.jar:5.1.7.RELEASE]
	at org.springframework.context.annotation.ConfigurationClassEnhancer$BeanMethodInterceptor.intercept(ConfigurationClassEnhancer.java:363) ~[spring-context-5.1.7.RELEASE.jar:5.1.7.RELEASE]
	at com.oembedler.moon.graphql.boot.GraphQLJavaToolsAutoConfiguration$$EnhancerBySpringCGLIB$$eb3229ba.schemaParser(<generated>) ~[graphql-spring-boot-autoconfigure-4.0.0.jar:na]
	at sun.reflect.NativeMethodAccessorImpl.invoke0(Native Method) ~[na:1.8.0_202]
	at sun.reflect.NativeMethodAccessorImpl.invoke(NativeMethodAccessorImpl.java:62) ~[na:1.8.0_202]
	at sun.reflect.DelegatingMethodAccessorImpl.invoke(DelegatingMethodAccessorImpl.java:43) ~[na:1.8.0_202]
	at java.lang.reflect.Method.invoke(Method.java:498) ~[na:1.8.0_202]
	at org.springframework.beans.factory.support.SimpleInstantiationStrategy.instantiate(SimpleInstantiationStrategy.java:154) ~[spring-beans-5.1.7.RELEASE.jar:5.1.7.RELEASE]
	... 46 common frames omitted

2019-05-21 19:47:04.451 ERROR 39242 --- [           main] o.s.test.context.TestContextManager      : Caught exception while allowing TestExecutionListener [org.springframework.test.context.web.ServletTestExecutionListener@9f116cc] to prepare test instance [io.pandp.service.ServiceApplicationTests@360d41d0]

java.lang.IllegalStateException: Failed to load ApplicationContext
	at org.springframework.test.context.cache.DefaultCacheAwareContextLoaderDelegate.loadContext(DefaultCacheAwareContextLoaderDelegate.java:125) ~[spring-test-5.1.7.RELEASE.jar:5.1.7.RELEASE]
	at org.springframework.test.context.support.DefaultTestContext.getApplicationContext(DefaultTestContext.java:108) ~[spring-test-5.1.7.RELEASE.jar:5.1.7.RELEASE]
	at org.springframework.test.context.web.ServletTestExecutionListener.setUpRequestContextIfNecessary(ServletTestExecutionListener.java:190) ~[spring-test-5.1.7.RELEASE.jar:5.1.7.RELEASE]
	at org.springframework.test.context.web.ServletTestExecutionListener.prepareTestInstance(ServletTestExecutionListener.java:132) ~[spring-test-5.1.7.RELEASE.jar:5.1.7.RELEASE]
	at org.springframework.test.context.TestContextManager.prepareTestInstance(TestContextManager.java:246) ~[spring-test-5.1.7.RELEASE.jar:5.1.7.RELEASE]
	at org.springframework.test.context.junit4.SpringJUnit4ClassRunner.createTest(SpringJUnit4ClassRunner.java:227) [spring-test-5.1.7.RELEASE.jar:5.1.7.RELEASE]
	at org.springframework.test.context.junit4.SpringJUnit4ClassRunner$1.runReflectiveCall(SpringJUnit4ClassRunner.java:289) [spring-test-5.1.7.RELEASE.jar:5.1.7.RELEASE]
	at org.junit.internal.runners.model.ReflectiveCallable.run(ReflectiveCallable.java:12) [junit-4.12.jar:4.12]
	at org.springframework.test.context.junit4.SpringJUnit4ClassRunner.methodBlock(SpringJUnit4ClassRunner.java:291) [spring-test-5.1.7.RELEASE.jar:5.1.7.RELEASE]
	at org.springframework.test.context.junit4.SpringJUnit4ClassRunner.runChild(SpringJUnit4ClassRunner.java:246) [spring-test-5.1.7.RELEASE.jar:5.1.7.RELEASE]
	at org.springframework.test.context.junit4.SpringJUnit4ClassRunner.runChild(SpringJUnit4ClassRunner.java:97) [spring-test-5.1.7.RELEASE.jar:5.1.7.RELEASE]
	at org.junit.runners.ParentRunner$3.run(ParentRunner.java:290) [junit-4.12.jar:4.12]
	at org.junit.runners.ParentRunner$1.schedule(ParentRunner.java:71) [junit-4.12.jar:4.12]
	at org.junit.runners.ParentRunner.runChildren(ParentRunner.java:288) [junit-4.12.jar:4.12]
	at org.junit.runners.ParentRunner.access$000(ParentRunner.java:58) [junit-4.12.jar:4.12]
	at org.junit.runners.ParentRunner$2.evaluate(ParentRunner.java:268) [junit-4.12.jar:4.12]
	at org.springframework.test.context.junit4.statements.RunBeforeTestClassCallbacks.evaluate(RunBeforeTestClassCallbacks.java:61) [spring-test-5.1.7.RELEASE.jar:5.1.7.RELEASE]
	at org.springframework.test.context.junit4.statements.RunAfterTestClassCallbacks.evaluate(RunAfterTestClassCallbacks.java:70) [spring-test-5.1.7.RELEASE.jar:5.1.7.RELEASE]
	at org.junit.runners.ParentRunner.run(ParentRunner.java:363) [junit-4.12.jar:4.12]
	at org.springframework.test.context.junit4.SpringJUnit4ClassRunner.run(SpringJUnit4ClassRunner.java:190) [spring-test-5.1.7.RELEASE.jar:5.1.7.RELEASE]
	at org.apache.maven.surefire.junit4.JUnit4Provider.execute(JUnit4Provider.java:365) [surefire-junit4-2.22.2.jar:2.22.2]
	at org.apache.maven.surefire.junit4.JUnit4Provider.executeWithRerun(JUnit4Provider.java:273) [surefire-junit4-2.22.2.jar:2.22.2]
	at org.apache.maven.surefire.junit4.JUnit4Provider.executeTestSet(JUnit4Provider.java:238) [surefire-junit4-2.22.2.jar:2.22.2]
	at org.apache.maven.surefire.junit4.JUnit4Provider.invoke(JUnit4Provider.java:159) [surefire-junit4-2.22.2.jar:2.22.2]
	at org.apache.maven.surefire.booter.ForkedBooter.invokeProviderInSameClassLoader(ForkedBooter.java:384) [surefire-booter-2.22.2.jar:2.22.2]
	at org.apache.maven.surefire.booter.ForkedBooter.runSuitesInProcess(ForkedBooter.java:345) [surefire-booter-2.22.2.jar:2.22.2]
	at org.apache.maven.surefire.booter.ForkedBooter.execute(ForkedBooter.java:126) [surefire-booter-2.22.2.jar:2.22.2]
	at org.apache.maven.surefire.booter.ForkedBooter.main(ForkedBooter.java:418) [surefire-booter-2.22.2.jar:2.22.2]
Caused by: org.springframework.beans.factory.BeanCreationException: Error creating bean with name 'schemaParser' defined in class path resource [com/oembedler/moon/graphql/boot/GraphQLJavaToolsAutoConfiguration.class]: Bean instantiation via factory method failed; nested exception is org.springframework.beans.BeanInstantiationException: Failed to instantiate [com.coxautodev.graphql.tools.SchemaParser]: Factory method 'schemaParser' threw exception; nested exception is com.coxautodev.graphql.tools.FieldResolverError: No method or field found with any of the following signatures (with or without graphql.schema.DataFetchingEnvironment as the last argument), in priority order:

  io.pandp.service.registration.entity.CredentialsEntity.permission()
  io.pandp.service.registration.entity.CredentialsEntity.getPermission()
  io.pandp.service.registration.entity.CredentialsEntity.permission
	at org.springframework.beans.factory.support.ConstructorResolver.instantiate(ConstructorResolver.java:627) ~[spring-beans-5.1.7.RELEASE.jar:5.1.7.RELEASE]
	at org.springframework.beans.factory.support.ConstructorResolver.instantiateUsingFactoryMethod(ConstructorResolver.java:607) ~[spring-beans-5.1.7.RELEASE.jar:5.1.7.RELEASE]
	at org.springframework.beans.factory.support.AbstractAutowireCapableBeanFactory.instantiateUsingFactoryMethod(AbstractAutowireCapableBeanFactory.java:1321) ~[spring-beans-5.1.7.RELEASE.jar:5.1.7.RELEASE]
	at org.springframework.beans.factory.support.AbstractAutowireCapableBeanFactory.createBeanInstance(AbstractAutowireCapableBeanFactory.java:1160) ~[spring-beans-5.1.7.RELEASE.jar:5.1.7.RELEASE]
	at org.springframework.beans.factory.support.AbstractAutowireCapableBeanFactory.doCreateBean(AbstractAutowireCapableBeanFactory.java:555) ~[spring-beans-5.1.7.RELEASE.jar:5.1.7.RELEASE]
	at org.springframework.beans.factory.support.AbstractAutowireCapableBeanFactory.createBean(AbstractAutowireCapableBeanFactory.java:515) ~[spring-beans-5.1.7.RELEASE.jar:5.1.7.RELEASE]
	at org.springframework.beans.factory.support.AbstractBeanFactory.lambda$doGetBean$0(AbstractBeanFactory.java:320) ~[spring-beans-5.1.7.RELEASE.jar:5.1.7.RELEASE]
	at org.springframework.beans.factory.support.DefaultSingletonBeanRegistry.getSingleton(DefaultSingletonBeanRegistry.java:222) ~[spring-beans-5.1.7.RELEASE.jar:5.1.7.RELEASE]
	at org.springframework.beans.factory.support.AbstractBeanFactory.doGetBean(AbstractBeanFactory.java:318) ~[spring-beans-5.1.7.RELEASE.jar:5.1.7.RELEASE]
	at org.springframework.beans.factory.support.AbstractBeanFactory.getBean(AbstractBeanFactory.java:199) ~[spring-beans-5.1.7.RELEASE.jar:5.1.7.RELEASE]
	at org.springframework.beans.factory.support.DefaultListableBeanFactory.preInstantiateSingletons(DefaultListableBeanFactory.java:843) ~[spring-beans-5.1.7.RELEASE.jar:5.1.7.RELEASE]
	at org.springframework.context.support.AbstractApplicationContext.finishBeanFactoryInitialization(AbstractApplicationContext.java:877) ~[spring-context-5.1.7.RELEASE.jar:5.1.7.RELEASE]
	at org.springframework.context.support.AbstractApplicationContext.refresh(AbstractApplicationContext.java:549) ~[spring-context-5.1.7.RELEASE.jar:5.1.7.RELEASE]
	at org.springframework.boot.SpringApplication.refresh(SpringApplication.java:775) ~[spring-boot-2.1.5.RELEASE.jar:2.1.5.RELEASE]
	at org.springframework.boot.SpringApplication.refreshContext(SpringApplication.java:397) ~[spring-boot-2.1.5.RELEASE.jar:2.1.5.RELEASE]
	at org.springframework.boot.SpringApplication.run(SpringApplication.java:316) ~[spring-boot-2.1.5.RELEASE.jar:2.1.5.RELEASE]
	at org.springframework.boot.test.context.SpringBootContextLoader.loadContext(SpringBootContextLoader.java:127) ~[spring-boot-test-2.1.5.RELEASE.jar:2.1.5.RELEASE]
	at org.springframework.test.context.cache.DefaultCacheAwareContextLoaderDelegate.loadContextInternal(DefaultCacheAwareContextLoaderDelegate.java:99) ~[spring-test-5.1.7.RELEASE.jar:5.1.7.RELEASE]
	at org.springframework.test.context.cache.DefaultCacheAwareContextLoaderDelegate.loadContext(DefaultCacheAwareContextLoaderDelegate.java:117) ~[spring-test-5.1.7.RELEASE.jar:5.1.7.RELEASE]
	... 27 common frames omitted
Caused by: org.springframework.beans.BeanInstantiationException: Failed to instantiate [com.coxautodev.graphql.tools.SchemaParser]: Factory method 'schemaParser' threw exception; nested exception is com.coxautodev.graphql.tools.FieldResolverError: No method or field found with any of the following signatures (with or without graphql.schema.DataFetchingEnvironment as the last argument), in priority order:

  io.pandp.service.registration.entity.CredentialsEntity.permission()
  io.pandp.service.registration.entity.CredentialsEntity.getPermission()
  io.pandp.service.registration.entity.CredentialsEntity.permission
	at org.springframework.beans.factory.support.SimpleInstantiationStrategy.instantiate(SimpleInstantiationStrategy.java:185) ~[spring-beans-5.1.7.RELEASE.jar:5.1.7.RELEASE]
	at org.springframework.beans.factory.support.ConstructorResolver.instantiate(ConstructorResolver.java:622) ~[spring-beans-5.1.7.RELEASE.jar:5.1.7.RELEASE]
	... 45 common frames omitted
Caused by: com.coxautodev.graphql.tools.FieldResolverError: No method or field found with any of the following signatures (with or without graphql.schema.DataFetchingEnvironment as the last argument), in priority order:

  io.pandp.service.registration.entity.CredentialsEntity.permission()
  io.pandp.service.registration.entity.CredentialsEntity.getPermission()
  io.pandp.service.registration.entity.CredentialsEntity.permission
	at com.coxautodev.graphql.tools.FieldResolverScanner.missingFieldResolver(FieldResolverScanner.kt:44) ~[graphql-java-tools-4.3.0.jar:na]
	at com.coxautodev.graphql.tools.FieldResolverScanner.findFieldResolver(FieldResolverScanner.kt:35) ~[graphql-java-tools-4.3.0.jar:na]
	at com.coxautodev.graphql.tools.SchemaClassScanner.scanResolverInfoForPotentialMatches(SchemaClassScanner.kt:211) ~[graphql-java-tools-4.3.0.jar:na]
	at com.coxautodev.graphql.tools.SchemaClassScanner.scanQueueItemForPotentialMatches(SchemaClassScanner.kt:206) ~[graphql-java-tools-4.3.0.jar:na]
	at com.coxautodev.graphql.tools.SchemaClassScanner.scanQueue(SchemaClassScanner.kt:103) ~[graphql-java-tools-4.3.0.jar:na]
	at com.coxautodev.graphql.tools.SchemaClassScanner.scanForClasses(SchemaClassScanner.kt:81) ~[graphql-java-tools-4.3.0.jar:na]
	at com.coxautodev.graphql.tools.SchemaParserBuilder.scan(SchemaParserBuilder.kt:149) ~[graphql-java-tools-4.3.0.jar:na]
	at com.coxautodev.graphql.tools.SchemaParserBuilder.build(SchemaParserBuilder.kt:155) ~[graphql-java-tools-4.3.0.jar:na]
	at com.oembedler.moon.graphql.boot.GraphQLJavaToolsAutoConfiguration.schemaParser(GraphQLJavaToolsAutoConfiguration.java:80) ~[graphql-spring-boot-autoconfigure-4.0.0.jar:na]
	at com.oembedler.moon.graphql.boot.GraphQLJavaToolsAutoConfiguration$$EnhancerBySpringCGLIB$$eb3229ba.CGLIB$schemaParser$0(<generated>) ~[graphql-spring-boot-autoconfigure-4.0.0.jar:na]
	at com.oembedler.moon.graphql.boot.GraphQLJavaToolsAutoConfiguration$$EnhancerBySpringCGLIB$$eb3229ba$$FastClassBySpringCGLIB$$ed973a5a.invoke(<generated>) ~[graphql-spring-boot-autoconfigure-4.0.0.jar:na]
	at org.springframework.cglib.proxy.MethodProxy.invokeSuper(MethodProxy.java:244) ~[spring-core-5.1.7.RELEASE.jar:5.1.7.RELEASE]
	at org.springframework.context.annotation.ConfigurationClassEnhancer$BeanMethodInterceptor.intercept(ConfigurationClassEnhancer.java:363) ~[spring-context-5.1.7.RELEASE.jar:5.1.7.RELEASE]
	at com.oembedler.moon.graphql.boot.GraphQLJavaToolsAutoConfiguration$$EnhancerBySpringCGLIB$$eb3229ba.schemaParser(<generated>) ~[graphql-spring-boot-autoconfigure-4.0.0.jar:na]
	at sun.reflect.NativeMethodAccessorImpl.invoke0(Native Method) ~[na:1.8.0_202]
	at sun.reflect.NativeMethodAccessorImpl.invoke(NativeMethodAccessorImpl.java:62) ~[na:1.8.0_202]
	at sun.reflect.DelegatingMethodAccessorImpl.invoke(DelegatingMethodAccessorImpl.java:43) ~[na:1.8.0_202]
	at java.lang.reflect.Method.invoke(Method.java:498) ~[na:1.8.0_202]
	at org.springframework.beans.factory.support.SimpleInstantiationStrategy.instantiate(SimpleInstantiationStrategy.java:154) ~[spring-beans-5.1.7.RELEASE.jar:5.1.7.RELEASE]
	... 46 common frames omitted

]]></system-out>
  </testcase>
</testsuite>