<?xml version="1.0" encoding="UTF-8"?>
<testsuite xmlns:xsi="http://www.w3.org/2001/XMLSchema-instance" xsi:noNamespaceSchemaLocation="https://maven.apache.org/surefire/maven-surefire-plugin/xsd/surefire-test-report.xsd" name="io.pandp.service.ServiceApplicationTests" time="1.244" tests="1" errors="0" skipped="0" failures="0">
  <properties>
    <property name="gopherProxySet" value="false"/>
    <property name="awt.toolkit" value="sun.lwawt.macosx.LWCToolkit"/>
    <property name="file.encoding.pkg" value="sun.io"/>
    <property name="java.specification.version" value="1.8"/>
    <property name="sun.cpu.isalist" value=""/>
    <property name="sun.jnu.encoding" value="UTF-8"/>
    <property name="java.class.path" value="/Users/dannielsrolfe/repos/parkingAndPrivacy/pandp-backend/target/test-classes:/Users/dannielsrolfe/repos/parkingAndPrivacy/pandp-backend/target/classes:/Users/dannielsrolfe/.m2/repository/org/springframework/boot/spring-boot-starter/2.1.5.RELEASE/spring-boot-starter-2.1.5.RELEASE.jar:/Users/dannielsrolfe/.m2/repository/org/springframework/boot/spring-boot/2.1.5.RELEASE/spring-boot-2.1.5.RELEASE.jar:/Users/dannielsrolfe/.m2/repository/org/springframework/spring-context/5.1.7.RELEASE/spring-context-5.1.7.RELEASE.jar:/Users/dannielsrolfe/.m2/repository/org/springframework/spring-aop/5.1.7.RELEASE/spring-aop-5.1.7.RELEASE.jar:/Users/dannielsrolfe/.m2/repository/org/springframework/spring-beans/5.1.7.RELEASE/spring-beans-5.1.7.RELEASE.jar:/Users/dannielsrolfe/.m2/repository/org/springframework/spring-expression/5.1.7.RELEASE/spring-expression-5.1.7.RELEASE.jar:/Users/dannielsrolfe/.m2/repository/org/springframework/boot/spring-boot-autoconfigure/2.1.5.RELEASE/spring-boot-autoconfigure-2.1.5.RELEASE.jar:/Users/dannielsrolfe/.m2/repository/org/springframework/boot/spring-boot-starter-logging/2.1.5.RELEASE/spring-boot-starter-logging-2.1.5.RELEASE.jar:/Users/dannielsrolfe/.m2/repository/ch/qos/logback/logback-classic/1.2.3/logback-classic-1.2.3.jar:/Users/dannielsrolfe/.m2/repository/ch/qos/logback/logback-core/1.2.3/logback-core-1.2.3.jar:/Users/dannielsrolfe/.m2/repository/org/apache/logging/log4j/log4j-to-slf4j/2.11.2/log4j-to-slf4j-2.11.2.jar:/Users/dannielsrolfe/.m2/repository/org/apache/logging/log4j/log4j-api/2.11.2/log4j-api-2.11.2.jar:/Users/dannielsrolfe/.m2/repository/org/slf4j/jul-to-slf4j/1.7.26/jul-to-slf4j-1.7.26.jar:/Users/dannielsrolfe/.m2/repository/javax/annotation/javax.annotation-api/1.3.2/javax.annotation-api-1.3.2.jar:/Users/dannielsrolfe/.m2/repository/org/springframework/spring-core/5.1.7.RELEASE/spring-core-5.1.7.RELEASE.jar:/Users/dannielsrolfe/.m2/repository/org/springframework/spring-jcl/5.1.7.RELEASE/spring-jcl-5.1.7.RELEASE.jar:/Users/dannielsrolfe/.m2/repository/org/yaml/snakeyaml/1.23/snakeyaml-1.23.jar:/Users/dannielsrolfe/.m2/repository/org/springframework/boot/spring-boot-devtools/2.1.5.RELEASE/spring-boot-devtools-2.1.5.RELEASE.jar:/Users/dannielsrolfe/.m2/repository/org/postgresql/postgresql/42.2.5/postgresql-42.2.5.jar:/Users/dannielsrolfe/.m2/repository/org/springframework/boot/spring-boot-starter-test/2.1.5.RELEASE/spring-boot-starter-test-2.1.5.RELEASE.jar:/Users/dannielsrolfe/.m2/repository/org/springframework/boot/spring-boot-test/2.1.5.RELEASE/spring-boot-test-2.1.5.RELEASE.jar:/Users/dannielsrolfe/.m2/repository/org/springframework/boot/spring-boot-test-autoconfigure/2.1.5.RELEASE/spring-boot-test-autoconfigure-2.1.5.RELEASE.jar:/Users/dannielsrolfe/.m2/repository/com/jayway/jsonpath/json-path/2.4.0/json-path-2.4.0.jar:/Users/dannielsrolfe/.m2/repository/net/minidev/json-smart/2.3/json-smart-2.3.jar:/Users/dannielsrolfe/.m2/repository/net/minidev/accessors-smart/1.2/accessors-smart-1.2.jar:/Users/dannielsrolfe/.m2/repository/junit/junit/4.12/junit-4.12.jar:/Users/dannielsrolfe/.m2/repository/org/assertj/assertj-core/3.11.1/assertj-core-3.11.1.jar:/Users/dannielsrolfe/.m2/repository/org/mockito/mockito-core/2.23.4/mockito-core-2.23.4.jar:/Users/dannielsrolfe/.m2/repository/net/bytebuddy/byte-buddy/1.9.12/byte-buddy-1.9.12.jar:/Users/dannielsrolfe/.m2/repository/net/bytebuddy/byte-buddy-agent/1.9.12/byte-buddy-agent-1.9.12.jar:/Users/dannielsrolfe/.m2/repository/org/objenesis/objenesis/2.6/objenesis-2.6.jar:/Users/dannielsrolfe/.m2/repository/org/hamcrest/hamcrest-core/1.3/hamcrest-core-1.3.jar:/Users/dannielsrolfe/.m2/repository/org/hamcrest/hamcrest-library/1.3/hamcrest-library-1.3.jar:/Users/dannielsrolfe/.m2/repository/org/skyscreamer/jsonassert/1.5.0/jsonassert-1.5.0.jar:/Users/dannielsrolfe/.m2/repository/com/vaadin/external/google/android-json/0.0.20131108.vaadin1/android-json-0.0.20131108.vaadin1.jar:/Users/dannielsrolfe/.m2/repository/org/springframework/spring-test/5.1.7.RELEASE/spring-test-5.1.7.RELEASE.jar:/Users/dannielsrolfe/.m2/repository/org/xmlunit/xmlunit-core/2.6.2/xmlunit-core-2.6.2.jar:/Users/dannielsrolfe/.m2/repository/com/graphql-java/graphql-spring-boot-starter/4.0.0/graphql-spring-boot-starter-4.0.0.jar:/Users/dannielsrolfe/.m2/repository/com/graphql-java/graphql-spring-boot-autoconfigure/4.0.0/graphql-spring-boot-autoconfigure-4.0.0.jar:/Users/dannielsrolfe/.m2/repository/org/springframework/boot/spring-boot-configuration-processor/2.1.5.RELEASE/spring-boot-configuration-processor-2.1.5.RELEASE.jar:/Users/dannielsrolfe/.m2/repository/com/graphql-java/graphql-java-servlet/4.6.0/graphql-java-servlet-4.6.0.jar:/Users/dannielsrolfe/.m2/repository/javax/servlet/javax.servlet-api/4.0.1/javax.servlet-api-4.0.1.jar:/Users/dannielsrolfe/.m2/repository/commons-fileupload/commons-fileupload/1.3.1/commons-fileupload-1.3.1.jar:/Users/dannielsrolfe/.m2/repository/commons-io/commons-io/2.2/commons-io-2.2.jar:/Users/dannielsrolfe/.m2/repository/com/graphql-java/graphql-java-tools/4.3.0/graphql-java-tools-4.3.0.jar:/Users/dannielsrolfe/.m2/repository/org/jetbrains/kotlin/kotlin-stdlib/1.2.71/kotlin-stdlib-1.2.71.jar:/Users/dannielsrolfe/.m2/repository/org/jetbrains/kotlin/kotlin-stdlib-common/1.2.71/kotlin-stdlib-common-1.2.71.jar:/Users/dannielsrolfe/.m2/repository/org/jetbrains/annotations/13.0/annotations-13.0.jar:/Users/dannielsrolfe/.m2/repository/com/graphql-java/graphql-java/6.0/graphql-java-6.0.jar:/Users/dannielsrolfe/.m2/repository/org/antlr/antlr4-runtime/4.5.1/antlr4-runtime-4.5.1.jar:/Users/dannielsrolfe/.m2/repository/com/graphql-java/java-dataloader/2.0.1/java-dataloader-2.0.1.jar:/Users/dannielsrolfe/.m2/repository/org/reactivestreams/reactive-streams/1.0.2/reactive-streams-1.0.2.jar:/Users/dannielsrolfe/.m2/repository/com/fasterxml/jackson/core/jackson-core/2.9.8/jackson-core-2.9.8.jar:/Users/dannielsrolfe/.m2/repository/com/fasterxml/jackson/module/jackson-module-kotlin/2.9.8/jackson-module-kotlin-2.9.8.jar:/Users/dannielsrolfe/.m2/repository/com/fasterxml/jackson/core/jackson-databind/2.9.8/jackson-databind-2.9.8.jar:/Users/dannielsrolfe/.m2/repository/com/fasterxml/jackson/core/jackson-annotations/2.9.0/jackson-annotations-2.9.0.jar:/Users/dannielsrolfe/.m2/repository/org/jetbrains/kotlin/kotlin-reflect/1.2.71/kotlin-reflect-1.2.71.jar:/Users/dannielsrolfe/.m2/repository/com/fasterxml/jackson/datatype/jackson-datatype-jdk8/2.9.8/jackson-datatype-jdk8-2.9.8.jar:/Users/dannielsrolfe/.m2/repository/com/esotericsoftware/reflectasm/1.11.3/reflectasm-1.11.3.jar:/Users/dannielsrolfe/.m2/repository/org/ow2/asm/asm/5.0.4/asm-5.0.4.jar:/Users/dannielsrolfe/.m2/repository/org/apache/commons/commons-lang3/3.8.1/commons-lang3-3.8.1.jar:/Users/dannielsrolfe/.m2/repository/com/google/guava/guava/21.0/guava-21.0.jar:/Users/dannielsrolfe/.m2/repository/org/slf4j/slf4j-api/1.7.26/slf4j-api-1.7.26.jar:/Users/dannielsrolfe/.m2/repository/org/projectlombok/lombok/1.18.8/lombok-1.18.8.jar:"/>
    <property name="java.vm.vendor" value="Oracle Corporation"/>
    <property name="sun.arch.data.model" value="64"/>
    <property name="java.vendor.url" value="http://java.oracle.com/"/>
    <property name="user.timezone" value=""/>
    <property name="java.vm.specification.version" value="1.8"/>
    <property name="os.name" value="Mac OS X"/>
    <property name="user.country" value="US"/>
    <property name="sun.java.launcher" value="SUN_STANDARD"/>
    <property name="sun.boot.library.path" value="/Library/Java/JavaVirtualMachines/jdk1.8.0_202.jdk/Contents/Home/jre/lib"/>
    <property name="sun.java.command" value="/Users/dannielsrolfe/repos/parkingAndPrivacy/pandp-backend/target/surefire/surefirebooter1242769449640455571.jar /Users/dannielsrolfe/repos/parkingAndPrivacy/pandp-backend/target/surefire 2019-05-16T23-15-50_031-jvmRun1 surefire7139236552823477952tmp surefire_04354849217426673703tmp"/>
    <property name="http.nonProxyHosts" value="local|*.local|169.254/16|*.169.254/16"/>
    <property name="surefire.test.class.path" value="/Users/dannielsrolfe/repos/parkingAndPrivacy/pandp-backend/target/test-classes:/Users/dannielsrolfe/repos/parkingAndPrivacy/pandp-backend/target/classes:/Users/dannielsrolfe/.m2/repository/org/springframework/boot/spring-boot-starter/2.1.5.RELEASE/spring-boot-starter-2.1.5.RELEASE.jar:/Users/dannielsrolfe/.m2/repository/org/springframework/boot/spring-boot/2.1.5.RELEASE/spring-boot-2.1.5.RELEASE.jar:/Users/dannielsrolfe/.m2/repository/org/springframework/spring-context/5.1.7.RELEASE/spring-context-5.1.7.RELEASE.jar:/Users/dannielsrolfe/.m2/repository/org/springframework/spring-aop/5.1.7.RELEASE/spring-aop-5.1.7.RELEASE.jar:/Users/dannielsrolfe/.m2/repository/org/springframework/spring-beans/5.1.7.RELEASE/spring-beans-5.1.7.RELEASE.jar:/Users/dannielsrolfe/.m2/repository/org/springframework/spring-expression/5.1.7.RELEASE/spring-expression-5.1.7.RELEASE.jar:/Users/dannielsrolfe/.m2/repository/org/springframework/boot/spring-boot-autoconfigure/2.1.5.RELEASE/spring-boot-autoconfigure-2.1.5.RELEASE.jar:/Users/dannielsrolfe/.m2/repository/org/springframework/boot/spring-boot-starter-logging/2.1.5.RELEASE/spring-boot-starter-logging-2.1.5.RELEASE.jar:/Users/dannielsrolfe/.m2/repository/ch/qos/logback/logback-classic/1.2.3/logback-classic-1.2.3.jar:/Users/dannielsrolfe/.m2/repository/ch/qos/logback/logback-core/1.2.3/logback-core-1.2.3.jar:/Users/dannielsrolfe/.m2/repository/org/apache/logging/log4j/log4j-to-slf4j/2.11.2/log4j-to-slf4j-2.11.2.jar:/Users/dannielsrolfe/.m2/repository/org/apache/logging/log4j/log4j-api/2.11.2/log4j-api-2.11.2.jar:/Users/dannielsrolfe/.m2/repository/org/slf4j/jul-to-slf4j/1.7.26/jul-to-slf4j-1.7.26.jar:/Users/dannielsrolfe/.m2/repository/javax/annotation/javax.annotation-api/1.3.2/javax.annotation-api-1.3.2.jar:/Users/dannielsrolfe/.m2/repository/org/springframework/spring-core/5.1.7.RELEASE/spring-core-5.1.7.RELEASE.jar:/Users/dannielsrolfe/.m2/repository/org/springframework/spring-jcl/5.1.7.RELEASE/spring-jcl-5.1.7.RELEASE.jar:/Users/dannielsrolfe/.m2/repository/org/yaml/snakeyaml/1.23/snakeyaml-1.23.jar:/Users/dannielsrolfe/.m2/repository/org/springframework/boot/spring-boot-devtools/2.1.5.RELEASE/spring-boot-devtools-2.1.5.RELEASE.jar:/Users/dannielsrolfe/.m2/repository/org/postgresql/postgresql/42.2.5/postgresql-42.2.5.jar:/Users/dannielsrolfe/.m2/repository/org/springframework/boot/spring-boot-starter-test/2.1.5.RELEASE/spring-boot-starter-test-2.1.5.RELEASE.jar:/Users/dannielsrolfe/.m2/repository/org/springframework/boot/spring-boot-test/2.1.5.RELEASE/spring-boot-test-2.1.5.RELEASE.jar:/Users/dannielsrolfe/.m2/repository/org/springframework/boot/spring-boot-test-autoconfigure/2.1.5.RELEASE/spring-boot-test-autoconfigure-2.1.5.RELEASE.jar:/Users/dannielsrolfe/.m2/repository/com/jayway/jsonpath/json-path/2.4.0/json-path-2.4.0.jar:/Users/dannielsrolfe/.m2/repository/net/minidev/json-smart/2.3/json-smart-2.3.jar:/Users/dannielsrolfe/.m2/repository/net/minidev/accessors-smart/1.2/accessors-smart-1.2.jar:/Users/dannielsrolfe/.m2/repository/junit/junit/4.12/junit-4.12.jar:/Users/dannielsrolfe/.m2/repository/org/assertj/assertj-core/3.11.1/assertj-core-3.11.1.jar:/Users/dannielsrolfe/.m2/repository/org/mockito/mockito-core/2.23.4/mockito-core-2.23.4.jar:/Users/dannielsrolfe/.m2/repository/net/bytebuddy/byte-buddy/1.9.12/byte-buddy-1.9.12.jar:/Users/dannielsrolfe/.m2/repository/net/bytebuddy/byte-buddy-agent/1.9.12/byte-buddy-agent-1.9.12.jar:/Users/dannielsrolfe/.m2/repository/org/objenesis/objenesis/2.6/objenesis-2.6.jar:/Users/dannielsrolfe/.m2/repository/org/hamcrest/hamcrest-core/1.3/hamcrest-core-1.3.jar:/Users/dannielsrolfe/.m2/repository/org/hamcrest/hamcrest-library/1.3/hamcrest-library-1.3.jar:/Users/dannielsrolfe/.m2/repository/org/skyscreamer/jsonassert/1.5.0/jsonassert-1.5.0.jar:/Users/dannielsrolfe/.m2/repository/com/vaadin/external/google/android-json/0.0.20131108.vaadin1/android-json-0.0.20131108.vaadin1.jar:/Users/dannielsrolfe/.m2/repository/org/springframework/spring-test/5.1.7.RELEASE/spring-test-5.1.7.RELEASE.jar:/Users/dannielsrolfe/.m2/repository/org/xmlunit/xmlunit-core/2.6.2/xmlunit-core-2.6.2.jar:/Users/dannielsrolfe/.m2/repository/com/graphql-java/graphql-spring-boot-starter/4.0.0/graphql-spring-boot-starter-4.0.0.jar:/Users/dannielsrolfe/.m2/repository/com/graphql-java/graphql-spring-boot-autoconfigure/4.0.0/graphql-spring-boot-autoconfigure-4.0.0.jar:/Users/dannielsrolfe/.m2/repository/org/springframework/boot/spring-boot-configuration-processor/2.1.5.RELEASE/spring-boot-configuration-processor-2.1.5.RELEASE.jar:/Users/dannielsrolfe/.m2/repository/com/graphql-java/graphql-java-servlet/4.6.0/graphql-java-servlet-4.6.0.jar:/Users/dannielsrolfe/.m2/repository/javax/servlet/javax.servlet-api/4.0.1/javax.servlet-api-4.0.1.jar:/Users/dannielsrolfe/.m2/repository/commons-fileupload/commons-fileupload/1.3.1/commons-fileupload-1.3.1.jar:/Users/dannielsrolfe/.m2/repository/commons-io/commons-io/2.2/commons-io-2.2.jar:/Users/dannielsrolfe/.m2/repository/com/graphql-java/graphql-java-tools/4.3.0/graphql-java-tools-4.3.0.jar:/Users/dannielsrolfe/.m2/repository/org/jetbrains/kotlin/kotlin-stdlib/1.2.71/kotlin-stdlib-1.2.71.jar:/Users/dannielsrolfe/.m2/repository/org/jetbrains/kotlin/kotlin-stdlib-common/1.2.71/kotlin-stdlib-common-1.2.71.jar:/Users/dannielsrolfe/.m2/repository/org/jetbrains/annotations/13.0/annotations-13.0.jar:/Users/dannielsrolfe/.m2/repository/com/graphql-java/graphql-java/6.0/graphql-java-6.0.jar:/Users/dannielsrolfe/.m2/repository/org/antlr/antlr4-runtime/4.5.1/antlr4-runtime-4.5.1.jar:/Users/dannielsrolfe/.m2/repository/com/graphql-java/java-dataloader/2.0.1/java-dataloader-2.0.1.jar:/Users/dannielsrolfe/.m2/repository/org/reactivestreams/reactive-streams/1.0.2/reactive-streams-1.0.2.jar:/Users/dannielsrolfe/.m2/repository/com/fasterxml/jackson/core/jackson-core/2.9.8/jackson-core-2.9.8.jar:/Users/dannielsrolfe/.m2/repository/com/fasterxml/jackson/module/jackson-module-kotlin/2.9.8/jackson-module-kotlin-2.9.8.jar:/Users/dannielsrolfe/.m2/repository/com/fasterxml/jackson/core/jackson-databind/2.9.8/jackson-databind-2.9.8.jar:/Users/dannielsrolfe/.m2/repository/com/fasterxml/jackson/core/jackson-annotations/2.9.0/jackson-annotations-2.9.0.jar:/Users/dannielsrolfe/.m2/repository/org/jetbrains/kotlin/kotlin-reflect/1.2.71/kotlin-reflect-1.2.71.jar:/Users/dannielsrolfe/.m2/repository/com/fasterxml/jackson/datatype/jackson-datatype-jdk8/2.9.8/jackson-datatype-jdk8-2.9.8.jar:/Users/dannielsrolfe/.m2/repository/com/esotericsoftware/reflectasm/1.11.3/reflectasm-1.11.3.jar:/Users/dannielsrolfe/.m2/repository/org/ow2/asm/asm/5.0.4/asm-5.0.4.jar:/Users/dannielsrolfe/.m2/repository/org/apache/commons/commons-lang3/3.8.1/commons-lang3-3.8.1.jar:/Users/dannielsrolfe/.m2/repository/com/google/guava/guava/21.0/guava-21.0.jar:/Users/dannielsrolfe/.m2/repository/org/slf4j/slf4j-api/1.7.26/slf4j-api-1.7.26.jar:/Users/dannielsrolfe/.m2/repository/org/projectlombok/lombok/1.18.8/lombok-1.18.8.jar:"/>
    <property name="sun.cpu.endian" value="little"/>
    <property name="user.home" value="/Users/dannielsrolfe"/>
    <property name="user.language" value="en"/>
    <property name="java.specification.vendor" value="Oracle Corporation"/>
    <property name="java.home" value="/Library/Java/JavaVirtualMachines/jdk1.8.0_202.jdk/Contents/Home/jre"/>
    <property name="basedir" value="/Users/dannielsrolfe/repos/parkingAndPrivacy/pandp-backend"/>
    <property name="file.separator" value="/"/>
    <property name="line.separator" value="&#10;"/>
    <property name="java.vm.specification.vendor" value="Oracle Corporation"/>
    <property name="java.specification.name" value="Java Platform API Specification"/>
    <property name="java.awt.graphicsenv" value="sun.awt.CGraphicsEnvironment"/>
    <property name="surefire.real.class.path" value="/Users/dannielsrolfe/repos/parkingAndPrivacy/pandp-backend/target/surefire/surefirebooter1242769449640455571.jar"/>
    <property name="sun.boot.class.path" value="/Library/Java/JavaVirtualMachines/jdk1.8.0_202.jdk/Contents/Home/jre/lib/resources.jar:/Library/Java/JavaVirtualMachines/jdk1.8.0_202.jdk/Contents/Home/jre/lib/rt.jar:/Library/Java/JavaVirtualMachines/jdk1.8.0_202.jdk/Contents/Home/jre/lib/sunrsasign.jar:/Library/Java/JavaVirtualMachines/jdk1.8.0_202.jdk/Contents/Home/jre/lib/jsse.jar:/Library/Java/JavaVirtualMachines/jdk1.8.0_202.jdk/Contents/Home/jre/lib/jce.jar:/Library/Java/JavaVirtualMachines/jdk1.8.0_202.jdk/Contents/Home/jre/lib/charsets.jar:/Library/Java/JavaVirtualMachines/jdk1.8.0_202.jdk/Contents/Home/jre/lib/jfr.jar:/Library/Java/JavaVirtualMachines/jdk1.8.0_202.jdk/Contents/Home/jre/classes"/>
    <property name="sun.management.compiler" value="HotSpot 64-Bit Tiered Compilers"/>
    <property name="ftp.nonProxyHosts" value="local|*.local|169.254/16|*.169.254/16"/>
    <property name="java.runtime.version" value="1.8.0_202-b08"/>
    <property name="user.name" value="dannielsrolfe"/>
    <property name="path.separator" value=":"/>
    <property name="os.version" value="10.14.4"/>
    <property name="java.endorsed.dirs" value="/Library/Java/JavaVirtualMachines/jdk1.8.0_202.jdk/Contents/Home/jre/lib/endorsed"/>
    <property name="java.runtime.name" value="Java(TM) SE Runtime Environment"/>
    <property name="file.encoding" value="UTF-8"/>
    <property name="java.vm.name" value="Java HotSpot(TM) 64-Bit Server VM"/>
    <property name="localRepository" value="/Users/dannielsrolfe/.m2/repository"/>
    <property name="java.vendor.url.bug" value="http://bugreport.sun.com/bugreport/"/>
    <property name="java.io.tmpdir" value="/var/folders/v9/wq1qkkns1v9gqn79l23q7rqw0000gn/T/"/>
    <property name="java.version" value="1.8.0_202"/>
    <property name="user.dir" value="/Users/dannielsrolfe/repos/parkingAndPrivacy/pandp-backend"/>
    <property name="os.arch" value="x86_64"/>
    <property name="java.vm.specification.name" value="Java Virtual Machine Specification"/>
    <property name="java.awt.printerjob" value="sun.lwawt.macosx.CPrinterJob"/>
    <property name="sun.os.patch.level" value="unknown"/>
    <property name="java.library.path" value="/Users/dannielsrolfe/Library/Java/Extensions:/Library/Java/Extensions:/Network/Library/Java/Extensions:/System/Library/Java/Extensions:/usr/lib/java:."/>
    <property name="java.vm.info" value="mixed mode"/>
    <property name="java.vendor" value="Oracle Corporation"/>
    <property name="java.vm.version" value="25.202-b08"/>
    <property name="java.ext.dirs" value="/Users/dannielsrolfe/Library/Java/Extensions:/Library/Java/JavaVirtualMachines/jdk1.8.0_202.jdk/Contents/Home/jre/lib/ext:/Library/Java/Extensions:/Network/Library/Java/Extensions:/System/Library/Java/Extensions:/usr/lib/java"/>
    <property name="sun.io.unicode.encoding" value="UnicodeBig"/>
    <property name="java.class.version" value="52.0"/>
    <property name="socksNonProxyHosts" value="local|*.local|169.254/16|*.169.254/16"/>
  </properties>
  <testcase name="contextLoads" classname="io.pandp.service.ServiceApplicationTests" time="0.112"/>
</testsuite>